#skipped n median low_quartile hi_quartile mean avg_dev std_dev vari skew kurt conf_lo conf_hi
0 32 12.5 8 15 12.4375 3.6875 4.83894 23.4153 0.523092 0.571535 11.000000 14.000000
1000 32 4 3 7 5.40625 3.43359 4.65493 21.6683 1.47295 2.05901 3.000000 5.000000
2000 32 4 1.5 6.5 4.46875 2.87305 3.66311 13.4183 0.943961 0.15415 2.000000 5.000000
3000 32 3 1 5.5 3.28125 2.44141 3.25511 10.5958 1.48514 2.87502 1.000000 4.000000
4000 32 2.5 1 5.5 3.53125 2.88086 3.95119 15.6119 1.73404 3.46425 1.000000 4.000000
5000 32 3 1 4.5 3.25 2.3125 3.27256 10.7097 1.55545 2.31968 1.000000 4.000000
6000 32 2.5 1 6.5 4.28125 3.39648 4.22919 17.8861 1.109 0.681639 1.000000 6.000000
7000 32 2.5 1 4.5 2.71875 1.84375 2.17366 4.7248 0.405591 -1.18405 1.000000 4.000000
8000 32 2 0 5.5 3.28125 3.11914 4.32722 18.7248 2.00572 4.63551 1.000000 4.000000
9000 32 1 0 3 2.75 2.92188 5.13684 26.3871 3.20094 10.9022 0.000000 3.000000
10000 32 2 1 5.5 4.8125 4.71875 6.7606 45.7056 1.87372 2.56147 2.000000 3.000000
11000 32 2.5 1 5.5 3.96875 3.21094 4.29166 18.4183 1.32303 0.697834 2.000000 4.000000
12000 32 2 1 6 3.9375 3.60547 5.20507 27.0927 1.91584 3.14469 1.000000 4.000000
13000 32 3 1 8.5 5.375 4.91406 6.8427 46.8226 1.82797 2.66866 2.000000 4.000000
14000 32 3 1 7.5 5.1875 4.57031 6.99049 48.8669 2.4628 6.84354 1.000000 5.000000
15000 32 2.5 1 6.5 5.34375 5.47461 8.64575 74.749 2.68816 7.80974 1.000000 4.000000
16000 32 2.5 0.5 9 5.6875 5.57031 7.95324 63.254 1.89779 2.84218 1.000000 5.000000
17000 32 3 0.5 5.5 5.53125 5.33008 8.92616 79.6764 2.65666 7.0367 1.000000 5.000000
18000 32 2 0 8.5 5 5.25 7.45741 55.6129 2.14478 4.96339 0.000000 5.000000
19000 32 2.5 0 7 5.34375 5.36914 9.22343 85.0716 2.72231 6.9389 0.000000 5.000000
20000 32 1 0 5 4 4.375 7.97577 63.6129 3.69226 14.9963 0.000000 3.000000
21000 32 1.5 1 5 5.78125 6.70703 11.6418 135.531 3.45884 13.0577 1.000000 3.000000
22000 32 2.5 0.5 6.5 7.21875 8.24414 14.5707 212.305 2.96086 8.27218 1.000000 5.000000
23000 32 2.5 1 6.5 7.78125 8.70703 14.1529 200.305 2.64652 6.26513 1.000000 4.000000
24000 32 3.5 0 7 7.5 8.0625 13.2981 176.839 2.68041 6.97554 1.000000 5.000000
25000 32 3 1 9 8.28125 8.81445 15.8993 252.789 3.17683 10.3219 1.000000 6.000000
26000 32 2.5 0.5 9.5 7.15625 7.33008 11.1416 124.136 2.33978 5.32881 1.000000 8.000000
27000 32 3 1 11.5 8.34375 8.34766 12.1326 147.201 2.14524 4.28146 2.000000 7.000000
28000 32 1.5 0 10.5 7.65625 8.79688 13.8741 192.491 2.49055 5.63247 0.000000 6.000000
29000 32 1.5 0 7.5 8.09375 9.27734 14.4632 209.184 2.4641 6.0643 0.000000 6.000000
30000 32 1.5 0 8 7.875 9.86719 17.1967 295.726 3.18793 10.4669 1.000000 4.000000
31000 32 2.5 1 6 9.4375 11.6758 21.9279 480.835 3.16084 9.13361 1.000000 4.000000
32000 32 1.5 0 11.5 8.65625 10.3594 15.7697 248.684 2.31441 4.5863 0.000000 6.000000
33000 32 4.5 0 18 12.2188 13.877 24.0842 580.047 3.5213 13.8367 0.000000 11.000000
34000 32 2 1 12.5 8.84375 10.3281 17.2834 298.717 2.98638 9.00382 1.000000 5.000000
35000 32 2 0 9 11.9062 15.7227 24.1345 582.475 2.31349 4.35755 1.000000 4.000000
36000 32 3 0 6.5 11.6562 15.6699 24.8669 618.362 2.68637 7.02977 1.000000 4.000000
37000 32 3 1 11.5 10.875 12.875 20.2544 410.242 2.64452 7.01804 1.000000 6.000000
38000 32 3 1 7.5 10.7188 13.043 22.7699 518.467 2.96578 8.46823 1.000000 6.000000
39000 32 1.5 0 11.5 11.0625 13.4102 21.8882 479.093 2.62608 6.67124 0.000000 9.000000
40000 32 1 0 11.5 12.2812 16.1895 28.7764 828.08 2.94749 7.83895 0.000000 6.000000
41000 32 5.5 0.5 13 15.4688 17.8867 30.3102 918.709 3.02899 9.59135 1.000000 10.000000
42000 32 4 0.5 14.5 15.9375 19.3359 35.1898 1238.32 3.69491 14.6548 2.000000 8.000000
43000 32 3 1 26 17.3125 20.4688 33.5986 1128.87 3.04335 9.92749 2.000000 12.000000
44000 32 3 0 17.5 15.7188 18.7031 28.3438 803.37 2.32174 5.00019 2.000000 10.000000
45000 32 5.5 0.5 24.5 18.1562 20.4219 33.4077 1116.07 3.09665 10.7037 2.000000 15.000000
46000 32 6 1 23.5 18.4375 20.8164 32.7817 1074.64 2.75029 8.20888 1.000000 13.000000
47000 32 8.5 1 31 19.0625 20.3398 28.813 830.19 2.03523 3.80324 1.000000 15.000000
48000 32 6.5 0.5 24 19.5938 21.3789 32.8455 1078.83 2.50848 6.66785 1.000000 17.000000
49000 32 6.5 0 34.5 21.5 22.875 34.4936 1189.81 2.57629 7.50413 1.000000 20.000000
50000 32 7.5 0 37 23.0625 23.8359 35.9192 1290.19 2.48531 7.36484 0.000000 23.000000
51000 32 10.5 0 31 21.75 22.9531 34.4749 1188.52 2.3877 6.22341 2.000000 19.000000
52000 32 4.5 0 27.5 19.0312 21.4844 30.9958 960.741 2.27009 5.59215 1.000000 15.000000
53000 32 5.5 0 37.5 24.5312 29.2637 47.5944 2265.22 3.0249 9.95167 1.000000 16.000000
54000 32 7 1 39 28.8125 33.5547 54.8567 3009.25 3.15585 11.2232 1.000000 22.000000
55000 32 10.5 0.5 40.5 30.4375 34.3438 62.8002 3943.87 3.79862 15.777 1.000000 25.000000
56000 32 5.5 1 56 31.6562 37.0684 56.2205 3160.75 2.85376 9.40858 1.000000 28.000000
57000 32 9.5 0 62.5 33.4062 39.334 57.579 3315.35 2.58031 7.44499 1.000000 22.000000
58000 32 2 0 50 33.0625 40.3398 60.6305 3676.06 2.7198 8.35041 1.000000 22.000000
59000 32 7 1 31.5 33.375 39.6719 58.4575 3417.27 2.23123 4.68289 2.000000 23.000000
60000 32 6.5 2 48 34.1562 40.6719 55.4548 3075.23 1.83181 2.51996 3.000000 18.000000
61000 32 12 1 90.5 39.6875 45.4688 62.9759 3965.96 2.21242 5.51892 2.000000 25.000000
62000 32 8 1 65.5 36.4375 41.9414 58.8206 3459.87 2.23532 5.45456 2.000000 23.000000
63000 32 17 1 64 45.7812 49.7129 73.3009 5373.02 2.40512 6.39549 3.000000 49.000000
64000 32 16 2 80 46.2812 51.2344 70.4736 4966.53 1.8681 2.96623 3.000000 36.000000
65000 32 11 1 75.5 45.125 50.9219 67.142 4508.05 1.75098 2.77188 1.000000 36.000000
66000 32 10 1.5 91 44 48.875 63.747 4063.68 1.80979 3.39945 2.000000 35.000000
67000 32 14 1 97.5 50.7188 57.4258 83.6198 6992.27 2.62218 8.0782 4.000000 30.000000
68000 32 18 0.5 127 61.5625 68.3633 86.4773 7478.32 1.46386 1.37309 5.000000 62.000000
69000 32 19 1 104 53.4375 59.8164 77.1341 5949.67 1.58661 1.83423 3.000000 35.000000
70000 32 15.5 1 107.5 56.3438 59.9512 75.9824 5773.33 1.48553 1.67373 4.000000 76.000000
71000 32 31.5 2 93 60.2188 60.3496 88.5291 7837.4 2.23184 5.20809 4.000000 63.000000
72000 32 23 1.5 86.5 55.5938 56.9297 82.9469 6880.18 2.24609 5.62537 2.000000 61.000000
73000 32 19 0.5 97.5 56.3438 59.2012 83.0762 6901.65 2.05421 4.45853 2.000000 58.000000
74000 32 14 2 110 60.1562 65.7676 84.876 7203.94 1.58334 1.77554 4.000000 65.000000
75000 32 18.5 1.5 111.5 62.9375 67.3555 87.2856 7618.77 1.54716 1.7399 3.000000 71.000000
76000 32 20 1 143 65.75 73.9062 89.1049 7939.68 1.1848 0.129889 1.000000 48.000000
77000 32 24.5 1.5 147.5 67.5312 70.9805 87.7559 7701.1 1.20231 0.295904 3.000000 65.000000
78000 32 26 3 128.5 68.7188 71.0859 90.6515 8217.69 1.4759 1.71177 5.000000 89.000000
79000 32 28.5 2 151 76.75 80.375 97.2211 9451.94 1.18518 0.403999 2.000000 110.000000
80000 32 24.5 2.5 175.5 85.3438 89.0547 110.269 12159.2 1.32444 1.09136 4.000000 123.000000
81000 32 32.5 0.5 174 86.25 92.25 109.26 11937.7 1.11795 0.244411 3.000000 135.000000
82000 32 29.5 2.5 162.5 83.5625 88.8906 104.669 10955.7 1.04621 -0.0769149 3.000000 127.000000
83000 32 43 2 177.5 88.7188 88.8359 112.682 12697.2 1.39727 1.45509 4.000000 93.000000
84000 32 28.5 1 168.5 85.8125 89.7148 112.025 12549.6 1.30471 0.97615 2.000000 114.000000
85000 32 12 0.5 193.5 91.7188 99.7734 119.125 14190.9 1.04314 -0.116054 1.000000 125.000000
86000 32 32.5 0 180.5 89.7812 95.9141 114.285 13061 0.95879 -0.60427 1.000000 102.000000
87000 32 23.5 1.5 189 93.9062 101.258 125.552 15763.4 1.29085 0.67715 2.000000 119.000000
88000 32 24.5 1 181 91.2188 96.0723 117.588 13826.8 1.06652 -0.183277 1.000000 106.000000
89000 32 24.5 1 190.5 94.9688 98.1484 124.282 15446 1.18777 0.205991 2.000000 100.000000
90000 32 30 0 192.5 100.375 106.094 134.895 18196.6 1.22779 0.293555 1.000000 103.000000
91000 32 44.5 2.5 185.5 102.156 101.686 123.672 15294.8 1.09092 0.13469 6.000000 150.000000
92000 32 56 2.5 199.5 97.7188 95.041 114.043 13005.7 0.960151 -0.16075 5.000000 122.000000
93000 32 24 2 199 96.3125 102.141 121.46 14752.6 1.03368 -0.116251 3.000000 140.000000
94000 32 39.5 2 208.5 100.688 101.254 119.696 14327.1 0.885975 -0.574918 4.000000 128.000000
95000 32 39 2.5 213 105.688 107.066 125.43 15732.6 0.887953 -0.473023 8.000000 152.000000
96000 32 39 1 231 115.875 118.539 141.511 20025.4 0.965119 -0.283724 4.000000 163.000000
97000 32 42 0.5 205 115.094 116.98 147.898 21874 1.33079 1.2317 3.000000 150.000000
98000 32 29 1 209.5 111.188 115.586 138.288 19123.6 1.13492 0.624424 3.000000 176.000000
99000 32 40.5 1 240.5 112.531 114.16 130.637 17066 0.784886 -0.536561 1.000000 189.000000
100000 32 48 1 252 121.125 120.953 137.322 18857.5 0.656206 -1.11873 2.000000 207.000000
101000 32 40 1 245.5 117.344 117.971 135.219 18284.2 0.716218 -0.978751 3.000000 196.000000
102000 32 55.5 1 236.5 121.969 119.527 142.709 20366 0.934465 -0.187088 5.000000 168.000000
103000 32 72 1 203 121.781 116.941 141.366 19984.4 0.980521 0.0607461 2.000000 175.000000
104000 32 50.5 1 242 129.875 130.727 160.361 25715.5 1.16168 0.542291 6.000000 192.000000
105000 32 49 1 233.5 129.562 127.973 153.752 23639.7 0.982946 0.0239272 3.000000 175.000000
106000 32 72.5 1 256 131.812 127.238 149.958 22487.4 0.800266 -0.526003 3.000000 190.000000
107000 32 75 1 229.5 133.969 128.15 159.698 25503.3 1.10959 0.330695 9.000000 179.000000
108000 32 92 1 244.5 133.188 125.336 151.234 22871.6 0.888436 -0.255147 4.000000 186.000000
109000 32 77 1 227.5 132.438 126.59 148.72 22117.7 0.770063 -0.591515 4.000000 206.000000
110000 32 94.5 2.5 264.5 143.938 136.934 160.516 25765.4 0.738774 -0.730871 5.000000 207.000000
111000 32 94 2 292.5 151.719 142.576 164.199 26961.2 0.661804 -0.792814 7.000000 240.000000
112000 32 96 1.5 270.5 144.125 135 156.003 24336.8 0.684939 -0.715798 7.000000 233.000000
113000 32 99.5 3 288 150.969 141.781 160.345 25710.7 0.610231 -0.802476 9.000000 255.000000
114000 32 109 2 298 156.25 146.578 158.779 25210.6 0.312367 -1.57158 11.000000 269.000000
115000 32 93 4 330 160.781 154.268 170.109 28937 0.407859 -1.48392 5.000000 269.000000
116000 32 94.5 3 299 152.281 145.691 162.036 26255.8 0.514321 -1.17981 5.000000 267.000000
117000 32 106 2.5 276 152.5 141 158.998 25280.3 0.521531 -1.1643 9.000000 261.000000
118000 32 134.5 2.5 316 161.406 148.594 168.491 28389.1 0.521815 -1.12286 6.000000 245.000000
119000 32 121.5 3.5 313.5 167.125 154.258 169.647 28780.2 0.398347 -1.33521 14.000000 292.000000
120000 32 161.5 3 294.5 171.656 157.719 183.044 33505 0.725481 -0.457328 10.000000 263.000000
121000 32 154.5 2.5 342 182.312 166.082 187.682 35224.7 0.521138 -1.00953 9.000000 301.000000
122000 32 152 3 314 166.094 148.344 165.237 27303.3 0.358421 -1.39452 6.000000 287.000000
123000 32 148.5 3 307 171.438 151.938 173.424 30075.9 0.514013 -1.10439 16.000000 283.000000
124000 32 139 2 299.5 171.5 154.562 173.285 30027.8 0.48309 -1.11579 9.000000 278.000000
125000 32 141.5 3.5 303.5 162.781 148.906 165.431 27367.3 0.497514 -1.02305 10.000000 263.000000
126000 32 164 1.5 291 171.688 153.375 171.805 29517 0.521167 -0.849539 12.000000 280.000000
127000 32 173.5 1 308.5 177.469 154.469 170.904 29208.1 0.364755 -1.23494 18.000000 292.000000
128000 32 180 7 344.5 187.625 163.625 181.452 32924.7 0.371941 -1.26719 19.000000 310.000000
129000 32 206 3.5 348 194.125 169.75 195.811 38341.9 0.559019 -0.825098 14.000000 279.000000
130000 32 182.5 4.5 307 186.5 155.562 182.079 33152.7 0.554186 -0.872375 23.000000 271.000000
131000 32 171 4 339.5 189.25 161.203 184.874 34178.5 0.462817 -1.09325 7.000000 298.000000
132000 32 178 7 354.5 190.5 165.938 184.7 34114.1 0.344998 -1.35562 15.000000 292.000000
133000 32 179 4.5 334 190.25 166.5 186.648 34837.4 0.438645 -1.15662 14.000000 281.000000
134000 32 206.5 5.5 333.5 189.594 157.656 177.866 31636.4 0.340896 -1.32793 32.000000 294.000000
135000 32 223.5 9.5 375.5 198.656 166.053 189.252 35816.2 0.363802 -1.20321 14.000000 305.000000
136000 32 214 3 370 204.312 172.562 192.883 37204 0.243124 -1.50222 8.000000 338.000000
137000 32 202.5 4 349.5 193.375 161.938 181.954 33107.3 0.320712 -1.3915 27.000000 287.000000
138000 32 204.5 11 320 197.375 162.062 183.955 33839.5 0.373468 -1.26038 28.000000 298.000000
139000 32 240 4 360.5 212.5 171.469 200.163 40065.3 0.401775 -1.03541 15.000000 303.000000
140000 32 265 6.5 356.5 214.625 174.523 199.16 39664.6 0.302458 -1.27416 10.000000 314.000000
141000 32 249.5 6.5 372.5 220.906 183.35 205.248 42126.7 0.237844 -1.43635 13.000000 349.000000
142000 32 210 1.5 401 212.375 181.938 201.743 40700.4 0.235719 -1.50267 3.000000 337.000000
143000 32 217 8 338.5 209.906 175.844 199.458 39783.4 0.367856 -1.28066 11.000000 308.000000
144000 32 215 8 396 217.875 182.625 202.743 41104.6 0.253526 -1.52025 18.000000 334.000000
145000 32 215.5 10.5 382 216.406 176.969 200.224 40089.5 0.296753 -1.42847 22.000000 323.000000
146000 32 247.5 5 361.5 216.906 175.543 196.377 38564.1 0.154163 -1.5006 15.000000 333.000000
147000 32 220.5 4 347 217.094 172.094 202.263 40910.3 0.34187 -1.28811 14.000000 330.000000
148000 32 242 3 355 218.875 170.328 201.867 40750.4 0.345639 -1.20729 7.000000 306.000000
149000 32 236 5.5 355 219.562 166.805 201.63 40654.6 0.40498 -0.954733 9.000000 284.000000
150000 32 215.5 9 420.5 217.562 170.625 199.953 39981.2 0.304503 -1.40993 21.000000 298.000000
151000 32 226 8.5 427.5 225.406 171.344 205.917 42401.9 0.392239 -1.11743 21.000000 298.000000
152000 32 265.5 8 446.5 234.781 179.371 205.055 42047.4 0.158241 -1.49463 23.000000 324.000000
153000 32 250 5.5 432 225.25 177.188 201.423 40571.4 0.156981 -1.56067 16.000000 317.000000
154000 32 245.5 2.5 451 240.219 187.156 212.025 44954.7 0.11205 -1.5942 24.000000 392.000000
155000 32 261.5 8.5 482 249.594 189.395 220.808 48756.1 0.180748 -1.50258 27.000000 368.000000
156000 32 296 4 418 246.531 188.027 214.387 45961.9 0.181291 -1.35828 29.000000 358.000000
157000 32 285.5 3 456 243.062 195.871 217.214 47181.9 0.169158 -1.49168 21.000000 365.000000
158000 32 271.5 8 444 251.25 189.859 214.867 46167.7 0.086859 -1.5545 46.000000 394.000000
159000 32 212 5 424 236.406 183.932 206.074 42466.4 0.148363 -1.50914 45.000000 378.000000
160000 32 259 4 448 246.406 183.881 210.45 44289 0.145448 -1.44502 56.000000 395.000000
161000 32 234 6.5 445.5 242.781 186.705 213.297 45495.5 0.217995 -1.39273 40.000000 358.000000
162000 32 275.5 5.5 450 254.344 192.635 219.107 48008 0.143766 -1.47791 37.000000 399.000000
163000 32 295.5 6.5 445 256.094 193.463 218.418 47706.2 0.0885546 -1.44628 31.000000 398.000000
164000 32 271 5.5 474.5 255.094 199.344 223.977 50165.9 0.198773 -1.35448 48.000000 378.000000
165000 32 287.5 3 464.5 267 198.375 227.215 51626.5 0.106252 -1.43632 48.000000 436.000000
166000 32 282 4 466.5 263.688 197.457 225.479 50840.8 0.167229 -1.28849 53.000000 414.000000
167000 32 291.5 5.5 472.5 263.344 197.322 228.729 52317 0.257862 -1.27845 97.000000 375.000000
168000 32 277 6 448.5 257.625 195.75 219.064 47989.1 0.0963291 -1.52886 59.000000 396.000000
169000 32 284 9.5 444.5 257.406 189.156 212.53 45168.9 0.0136642 -1.55865 53.000000 399.000000
170000 32 319.5 10 446.5 274 198.5 223.781 50077.8 -0.0216822 -1.55107 58.000000 424.000000
171000 32 309 8.5 494 282.812 213.938 236.047 55718.1 0.0156377 -1.61299 78.000000 452.000000
172000 32 333 14.5 513 291.5 213.844 238.971 57107.2 0.00235934 -1.57329 91.000000 457.000000
173000 32 323 14 485.5 277.562 197.777 222.549 49528 -0.123455 -1.65244 52.000000 462.000000
174000 32 338 13.5 450.5 274.875 195.828 219.145 48024.4 -0.0918633 -1.59991 82.000000 427.000000
175000 32 340 10.5 512 283 207.062 229.074 52475.1 -0.0858278 -1.65779 82.000000 437.000000
176000 32 341 9.5 487.5 275.25 192.922 216.908 47049 -0.136389 -1.63011 106.000000 433.000000
177000 32 307.5 9.5 490 281.844 200.488 226.741 51411.7 -0.080113 -1.64355 94.000000 449.000000
178000 32 341 8 491.5 290.938 197.074 225.982 51067.9 -0.153191 -1.56332 139.000000 438.000000
179000 32 334 9.5 475.5 285.188 193.863 223.32 49871.9 -0.0214433 -1.3932 141.000000 421.000000
180000 32 263 17 491.5 273.281 190.281 219.489 48175.2 0.12021 -1.32434 148.000000 440.000000
181000 32 325 7 460 273.719 194.691 221.083 48877.8 -0.00276402 -1.51719 108.000000 401.000000
182000 32 316.5 8 469.5 281.344 198.529 227.477 51746 0.00513553 -1.415 94.000000 428.000000
183000 32 357.5 10.5 474.5 281.281 195.059 221.353 48997.2 -0.0631213 -1.42513 122.000000 425.000000
184000 32 370.5 8.5 472.5 294.094 196.633 218.222 47620.9 -0.340279 -1.61049 133.000000 456.000000
185000 32 363 13.5 527.5 305.281 207.541 237.144 56237.5 -0.109535 -1.49786 97.000000 460.000000
186000 32 359.5 5 529 304.312 208.023 237.483 56398.3 -0.123838 -1.5613 92.000000 476.000000
187000 32 382.5 22 524.5 310.094 207.02 236.381 55876 -0.156526 -1.54623 120.000000 464.000000
188000 32 395.5 9 510.5 312.219 204.004 233.959 54737 -0.274488 -1.52704 167.000000 488.000000
189000 32 362 8 480.5 293.031 194.65 222.851 49662.7 -0.210396 -1.50919 152.000000 436.000000
190000 32 363 8 515.5 307.938 210.758 237.804 56550.9 -0.217731 -1.61231 96.000000 496.000000
191000 32 344 17.5 513 294.781 195.947 223.047 49749.9 -0.261555 -1.60593 79.000000 458.000000
192000 32 351 6 511.5 305.969 204.037 233.823 54673.3 -0.18457 -1.51179 150.000000 452.000000
193000 32 380 12 530 309.562 214.867 242.524 58817.8 -0.134815 -1.58832 118.000000 478.000000
194000 32 395 16 538 316.75 217.609 244.005 59538.4 -0.152585 -1.53235 155.000000 480.000000
195000 32 403 8 514.5 315.312 212.379 239.738 57474.2 -0.218593 -1.54864 168.000000 459.000000
196000 32 409.5 5.5 512 320.969 216.225 242.95 59024.7 -0.246408 -1.5098 187.000000 486.000000
197000 32 412 4 531.5 326.125 217.289 245.419 60230.2 -0.228149 -1.47063 172.000000 465.000000
198000 32 412 11.5 536 324.688 214.184 240.968 58065.7 -0.252322 -1.50794 153.000000 474.000000
199000 32 425 12.5 521.5 324.75 216.484 240.733 57952.4 -0.291785 -1.53568 180.000000 487.000000
200000 32 383.5 11.5 524.5 325.469 218.631 248.47 61737.4 -0.170056 -1.52375 157.000000 477.000000
201000 32 397 8 524 315.344 213.217 239.558 57388 -0.236651 -1.57069 124.000000 479.000000
202000 32 354.5 8 526 311.531 209.119 238.72 56987.2 -0.212461 -1.56802 132.000000 465.000000
203000 32 393 8 554 323.531 221.748 250.707 62853.9 -0.177392 -1.5901 142.000000 504.000000
204000 32 365.5 12 513 312.312 207.023 236.739 56045.2 -0.202153 -1.5692 160.000000 466.000000
205000 32 420.5 8.5 510.5 330.844 219.508 248.12 61563.3 -0.280663 -1.52489 162.000000 482.000000
206000 32 400.5 11.5 551 334.562 225.484 255.933 65501.8 -0.205963 -1.52576 126.000000 514.000000
207000 32 400.5 10 582.5 336.156 228.627 259.929 67563.2 -0.156488 -1.46251 111.000000 508.000000
208000 32 390.5 10.5 566.5 337.906 225.242 255.953 65512.1 -0.226555 -1.53103 169.000000 515.000000
209000 32 414 5 549 333.469 225.539 252.243 63626.5 -0.275263 -1.53503 148.000000 517.000000
210000 32 452.5 9 536.5 334.062 223.426 249.83 62415.1 -0.335467 -1.60354 166.000000 529.000000
211000 32 419.5 6 516.5 329.031 219.023 246.765 60892.9 -0.288237 -1.50745 164.000000 476.000000
212000 32 425 6.5 514.5 329 217.875 247.356 61185.1 -0.255462 -1.5058 154.000000 496.000000
213000 32 413 16.5 563 344.719 222.852 259.163 67165.4 -0.187781 -1.39 194.000000 490.000000
214000 32 431.5 15.5 590.5 349.062 231.109 260.221 67715 -0.277956 -1.54644 168.000000 494.000000
215000 32 431.5 13.5 561.5 342.062 228.422 255.894 65481.9 -0.278828 -1.58724 167.000000 493.000000
216000 32 433 7.5 550.5 336.469 225.039 248.019 61513.4 -0.365987 -1.58458 174.000000 502.000000
217000 32 457 15.5 556 346.625 228.031 254.609 64825.9 -0.328385 -1.48224 213.000000 504.000000
218000 32 443.5 14 553.5 349.219 227.852 255.259 65157.3 -0.364491 -1.55315 191.000000 528.000000
219000 32 430 17 562 346.875 227.594 254.44 64739.5 -0.349385 -1.59636 216.000000 538.000000
220000 32 442 12.5 556.5 351.562 230.734 261.233 68242.6 -0.292552 -1.51781 209.000000 534.000000
221000 32 439.5 18.5 550 340.344 220.717 247.64 61325.5 -0.387461 -1.57053 163.000000 527.000000
222000 32 439 18 578 351.656 229.43 259.788 67489.9 -0.314417 -1.51622 150.000000 516.000000
223000 32 456.5 9.5 573 352.25 238.312 266.312 70922 -0.273373 -1.57064 138.000000 515.000000
224000 32 436 17 576.5 349.844 227.436 260.918 68078.4 -0.248932 -1.50724 186.000000 497.000000
225000 32 431 9 561.5 353.906 235.992 267.649 71636 -0.263471 -1.54298 123.000000 540.000000
226000 32 508.5 12 575 357.688 244.496 270.385 73108 -0.324148 -1.64312 102.000000 543.000000
227000 32 468 8 607.5 369.781 248.336 275.504 75902.6 -0.349812 -1.61542 126.000000 575.000000
228000 32 489 21.5 607.5 368.25 243.641 271.428 73673 -0.341397 -1.58099 129.000000 568.000000
229000 32 497.5 26 599.5 370.594 239.82 266.752 71156.4 -0.42296 -1.59058 164.000000 570.000000
230000 32 483 34 582 369.938 236.016 263.275 69313.6 -0.420225 -1.55342 177.000000 552.000000
231000 32 471.5 52 600.5 373.469 234.289 260.614 67919.7 -0.443019 -1.57047 192.000000 583.000000
232000 32 486.5 43 609 375.062 242.734 273.059 74561.3 -0.286512 -1.53456 169.000000 539.000000
233000 32 449.5 26 614 363.688 239.453 267.276 71436.7 -0.314714 -1.62375 178.000000 565.000000
234000 32 473 39.5 602 364.438 238.73 265.441 70458.8 -0.336239 -1.61484 153.000000 560.000000
235000 32 496 22.5 590 370.688 239.266 264.783 70110.2 -0.428726 -1.59092 213.000000 568.000000
236000 32 495.5 26 591.5 363.031 232.336 256.468 65775.6 -0.468346 -1.60811 182.000000 559.000000
237000 32 488.5 32.5 615 378.781 244.572 272.297 74145.7 -0.355402 -1.60262 194.000000 570.000000
238000 32 488.5 37.5 613 376.344 240.404 268.372 72023.8 -0.387968 -1.55939 204.000000 569.000000
239000 32 485.5 40 588.5 369.5 232.531 257.589 66352.2 -0.438985 -1.5604 236.000000 537.000000
240000 32 520.5 54 585 390.906 239.555 269.697 72736.5 -0.414674 -1.44684 260.000000 565.000000
241000 32 483 40.5 623 377.031 238.088 266.123 70821.6 -0.402211 -1.57614 239.000000 565.000000
242000 32 489.5 35.5 615 390.75 242.062 274.884 75561.1 -0.372967 -1.45975 257.000000 584.000000
243000 32 502.5 81.5 599.5 380.625 233.508 260.04 67620.8 -0.44816 -1.53645 239.000000 581.000000
244000 32 500.5 66 575.5 374.344 222.633 248.942 61972.1 -0.482376 -1.48878 219.000000 554.000000
245000 32 504 88 587 379.219 228.477 254.942 64995.5 -0.445346 -1.49114 240.000000 557.000000
246000 32 498.5 98.5 634.5 389.812 235.785 265.4 70437.1 -0.313284 -1.46599 231.000000 541.000000
247000 32 521.5 63 639.5 401.281 246.041 276.577 76495 -0.391538 -1.5568 275.000000 618.000000
248000 32 501.5 84.5 620 395.5 240.625 269.106 72418.1 -0.396541 -1.51996 264.000000 586.000000
249000 32 498 110 608.5 399.75 235.5 267.598 71608.9 -0.336664 -1.40762 285.000000 544.000000
250000 32 477 104.5 586.5 379 222.188 250.601 62801 -0.453788 -1.4505 286.000000 543.000000
251000 32 494 159.5 583 389.844 219.508 250.004 62501.9 -0.435506 -1.33655 236.000000 544.000000
252000 32 506 124.5 586.5 393.438 226.016 255.761 65413.9 -0.40465 -1.34367 257.000000 526.000000
253000 32 530.5 137.5 596 402.594 231.295 259.231 67200.6 -0.428568 -1.45528 253.000000 572.000000
254000 32 536.5 131.5 611 407.906 227.805 258.167 66650.2 -0.469082 -1.38629 273.000000 568.000000
255000 32 484 162 625.5 404.125 223.531 253.898 64464 -0.444927 -1.39429 268.000000 567.000000
256000 32 498 172.5 617.5 401.781 218.836 247.916 61462.2 -0.44556 -1.37561 256.000000 569.000000
257000 32 542 195.5 614 416.156 219.242 249.219 62110.1 -0.556059 -1.23666 302.000000 580.000000
258000 32 518.5 225 618.5 415.406 218.242 245.836 60435.2 -0.603772 -1.25875 266.000000 590.000000
259000 32 488 248.5 614 417.188 200.402 240.481 57831.1 -0.553239 -1.05743 319.000000 580.000000
260000 32 500.5 234.5 619.5 415 207.75 244.997 60023.6 -0.490183 -1.12356 309.000000 539.000000
261000 32 513 246 621.5 415.5 212.656 248.68 61841.8 -0.476367 -1.15042 326.000000 557.000000
262000 32 504 219.5 602.5 415.219 210.852 243.259 59175 -0.558211 -1.20271 314.000000 589.000000
263000 32 496 274.5 632 422.688 204.891 242.315 58716.6 -0.612206 -1.09925 341.000000 599.000000
264000 32 496 276.5 626 416.969 201.039 241.3 58225.9 -0.600517 -1.01898 354.000000 550.000000
265000 32 530 294 611.5 423.656 201.492 239.316 57272.2 -0.692891 -0.98348 331.000000 589.000000
266000 32 483 286.5 625.5 420.688 200.16 239.443 57332.8 -0.692217 -1.00917 348.000000 576.000000
267000 32 535.5 326 662.5 452.406 209.705 251.858 63432.7 -0.67777 -0.982416 364.000000 620.000000
268000 32 501 291 623 440 199.188 242.898 58999.7 -0.681081 -0.917931 377.000000 595.000000
269000 32 538 286 659.5 452.125 206.023 244.923 59987.5 -0.721102 -0.911801 371.000000 586.000000
270000 32 511.5 298 630 444 198 237.561 56435.4 -0.747662 -0.8507 366.000000 604.000000
271000 32 519.5 309.5 661.5 462.844 194.152 242.085 58605.3 -0.776067 -0.732527 464.000000 604.000000
272000 32 526.5 333.5 645.5 454.156 192.223 235.696 55552.5 -0.84627 -0.693552 471.000000 600.000000
273000 32 568 312.5 653.5 458.312 198.633 240.332 57759.5 -0.869667 -0.771642 468.000000 594.000000
274000 32 541.5 322 624.5 448.531 200.99 240.507 57843.5 -0.810568 -0.83744 404.000000 592.000000
275000 32 531.5 421 610.5 459.688 182.512 239.479 57350.1 -0.832861 -0.476427 488.000000 565.000000
276000 32 542 347 620.5 459.062 190.418 238.698 56977 -0.850225 -0.562749 439.000000 595.000000
277000 32 515.5 355 648 457.719 186.119 234.526 55002.7 -0.935765 -0.55999 451.000000 599.000000
278000 32 568 325.5 639.5 463.281 189.193 233.663 54598.6 -0.942493 -0.549115 452.000000 599.000000
279000 32 539.5 345.5 680 465.656 196.43 243.372 59230 -0.834397 -0.707361 438.000000 624.000000
280000 32 566.5 338 637.5 463.375 196.094 236.5 55932.3 -0.88547 -0.669278 408.000000 618.000000
281000 32 585 373 624.5 461.875 189.094 231.154 53432.4 -0.975525 -0.5016 401.000000 620.000000
282000 32 544.5 350.5 600 447.469 179.447 222.319 49425.8 -1.05381 -0.388218 446.000000 591.000000
283000 32 546 405 612.5 455.094 176.934 225.175 50703.6 -1.05722 -0.371691 462.000000 586.000000
284000 32 579 399.5 639 476.906 188.061 236.711 56031.9 -1.07428 -0.350358 469.000000 624.000000
285000 32 563.5 377 665 473.656 191.639 236.94 56140.6 -0.910151 -0.500147 384.000000 606.000000
286000 32 552 332 647 464.938 190.641 234.048 54778.4 -0.894124 -0.601369 433.000000 627.000000
287000 32 566 334 626 462.594 182.971 226.498 51301.4 -0.860568 -0.498219 436.000000 583.000000
288000 32 543.5 351 633.5 464.969 189.975 237.628 56467 -0.716975 -0.605934 396.000000 609.000000
289000 32 522.5 337 661 460.75 184.266 232.913 54248.3 -0.827632 -0.584407 444.000000 566.000000
290000 32 557 396 622.5 462.5 177.375 227.651 51825.2 -0.982902 -0.359497 457.000000 596.000000
291000 32 557 417 605 461.812 170.684 223.206 49821 -1.01191 -0.238745 438.000000 574.000000
292000 32 565 392 658 473.438 182.605 231.811 53736.3 -0.991417 -0.379951 460.000000 626.000000
293000 32 524 430.5 633.5 475.438 173.641 228.298 52120.2 -0.965154 -0.22988 467.000000 597.000000
294000 32 515.5 403.5 667 484.781 180.1 235.825 55613.3 -0.950584 -0.346356 484.000000 658.000000
295000 32 551 401 659.5 488.125 186.461 241.071 58115 -0.917719 -0.374972 482.000000 624.000000
296000 32 574 383 644.5 473 185.75 231.85 53754.3 -0.941589 -0.470803 457.000000 605.000000
297000 32 571.5 374.5 676 482.25 193.5 238.891 57069 -0.866011 -0.525576 424.000000 607.000000
298000 32 553.5 334 661.5 472.125 190.039 234.04 54774.8 -0.8371 -0.579696 441.000000 614.000000
299000 32 564.5 376 644 480.188 189.652 240.174 57683.4 -0.831467 -0.475868 466.000000 624.000000
300000 32 555 371.5 660.5 481.656 187.201 234.497 54988.9 -0.898995 -0.42182 431.000000 626.000000
301000 32 585.5 420.5 675.5 500.219 186.9 240.087 57641.9 -0.967158 -0.37498 493.000000 615.000000
302000 32 560.5 419.5 639 487.812 174.508 225.722 50950.4 -1.0455 -0.190237 513.000000 613.000000
303000 32 575 445 656.5 491.812 179.809 230.393 53080.7 -1.08215 -0.187548 475.000000 623.000000
304000 32 542.5 407.5 673 478.5 181.375 233.264 54412 -0.903023 -0.433689 450.000000 631.000000
305000 32 557 403.5 660.5 485.094 178.371 229.593 52712.9 -1.06385 -0.231407 498.000000 627.000000
306000 32 598.5 475 672 501.312 175.176 229.844 52828.2 -1.2061 -0.00251425 511.000000 616.000000
307000 32 572 428 662.5 501.438 181.141 234.563 55019.8 -1.01115 -0.234658 490.000000 647.000000
308000 32 530.5 386.5 676.5 483.594 180.283 230.443 53104.2 -0.935942 -0.396816 463.000000 628.000000
309000 32 553 336 648.5 468.25 183.094 225.972 51063.2 -0.963742 -0.512841 475.000000 625.000000
310000 32 567 436 653.5 488.5 177.094 228.352 52144.8 -1.10785 -0.203224 487.000000 627.000000
311000 32 569 387 679 486.75 179.125 227.307 51668.5 -0.980986 -0.320636 471.000000 602.000000
312000 32 582.5 438 662 492.875 181.969 233.934 54725 -1.00852 -0.266425 469.000000 632.000000
313000 32 584 372.5 667.5 491.812 186.996 236.068 55727.9 -0.994128 -0.357853 491.000000 632.000000
314000 32 600 446 678 505.781 177.037 231.25 53476.4 -1.11126 -0.0442013 502.000000 629.000000
315000 32 556.5 405.5 670.5 489.219 179.9 228.138 52047 -1.06272 -0.205497 473.000000 623.000000
316000 32 556.5 439.5 636 490.438 173.051 222.921 49693.9 -1.08838 -0.0689451 468.000000 622.000000
317000 32 577 456.5 698.5 513.656 182.43 238.051 56668.4 -0.910319 -0.254379 485.000000 644.000000
318000 32 586 429.5 682.5 506.781 180.426 235.076 55260.8 -1.03758 -0.0787932 508.000000 644.000000
319000 32 553 405 671.5 493.625 179.617 234.781 55122.3 -0.969054 -0.227055 477.000000 620.000000
320000 32 549 440.5 656.5 495.469 169.293 226.119 51129.8 -1.00916 0.0210641 510.000000 597.000000
321000 32 557 458.5 666 509.469 171.639 229.771 52794.8 -1.09132 0.0515431 525.000000 648.000000
322000 32 577.5 426.5 699.5 514.375 176.297 230.089 52941.1 -1.08224 -0.0194104 521.000000 669.000000
323000 32 624 416 679.5 514.812 191.859 241.732 58434.2 -0.953979 -0.298962 489.000000 654.000000
324000 32 579 432 675 507.406 175.816 228.776 52338.3 -1.05407 -0.0447177 517.000000 635.000000
325000 32 631 425 676.5 522.625 182.227 230.776 53257.8 -1.19942 0.0224229 543.000000 661.000000
326000 32 604.5 420.5 684 514.906 186.197 237.143 56236.9 -1.10132 -0.170069 541.000000 642.000000
327000 32 589.5 386 690 511.688 192.41 241.962 58545.4 -0.935459 -0.416805 497.000000 661.000000
328000 32 575.5 418 701 519.219 183.949 239.481 57351.1 -0.971186 -0.205156 527.000000 669.000000
329000 32 579 422 662 508.094 175.689 226.576 51336.7 -1.1307 -0.0131204 507.000000 641.000000
330000 32 598 404 709.5 510.469 186.664 236.698 56026.1 -0.886167 -0.26953 460.000000 642.000000
331000 32 609.5 414.5 693 526.75 183.844 236.344 55858.3 -1.04633 -0.0940243 529.000000 666.000000
332000 32 606 435.5 706.5 524.625 182.18 236.141 55762.6 -0.988519 -0.0695702 518.000000 636.000000
333000 32 614.5 430 664 518.375 177.172 224.12 50229.9 -1.21217 0.0704272 546.000000 654.000000
334000 32 601.5 437.5 709.5 526.312 177.402 228.222 52085.4 -1.09066 0.00133523 501.000000 643.000000
335000 32 573 463 686.5 529.344 173.611 231.214 53460.1 -1.05197 0.0960407 519.000000 662.000000
336000 32 611.5 447 680.5 533.469 170.072 224.596 50443.5 -1.18569 0.253357 533.000000 659.000000
337000 32 627.5 483.5 660.5 529.969 167.23 220.19 48483.6 -1.20839 0.269017 532.000000 655.000000
338000 32 601.5 477.5 661.5 520.844 161.725 214.565 46038.3 -1.34174 0.439458 553.000000 643.000000
339000 32 571.5 417 647 503.969 162.043 208.303 43390.1 -1.08198 0.0467935 527.000000 604.000000
340000 32 587.5 508.5 671.5 523.188 159.992 212.883 45319 -1.22527 0.236033 542.000000 637.000000
341000 32 594 477.5 657 513.125 153.086 207.623 43107.2 -1.25518 0.468762 513.000000 618.000000
342000 32 609.5 481 721 532.812 175.508 228.223 52085.9 -1.1524 0.0523101 541.000000 651.000000
343000 32 610.5 482 724 546.031 184.646 238.293 56783.7 -0.967175 -0.189307 528.000000 705.000000
344000 32 621 445 683.5 539.812 167.445 217.515 47312.8 -1.16115 0.330557 553.000000 646.000000
345000 32 603.5 454.5 691 536.844 170.09 221.542 49080.8 -1.14423 0.262027 558.000000 667.000000
346000 32 642.5 479 709.5 553.938 171.957 225.235 50730.8 -1.17959 0.324588 538.000000 683.000000
347000 32 637 451 718 543.844 175.195 219.172 48036.3 -1.08268 -0.0104099 512.000000 685.000000
348000 32 605 511 680 534.281 161.086 215.07 46254.9 -1.18542 0.343996 528.000000 674.000000
349000 32 619.5 488.5 697 548.344 165.068 218.707 47832.6 -1.24565 0.426523 579.000000 688.000000
350000 32 624.5 528 678 556.062 154.852 214.329 45936.8 -1.11733 0.672975 561.000000 654.000000
351000 32 593.5 493 720 552.812 159.797 213.339 45513.4 -1.13232 0.480973 532.000000 692.000000
352000 32 633 449 714 553.312 175.402 222.273 49405.4 -1.0809 0.105914 542.000000 680.000000
353000 32 620.5 514 684.5 545.25 163.641 217.649 47371.2 -1.16107 0.29708 557.000000 655.000000
354000 32 611 524.5 701.5 549.562 152.949 206.214 42524.3 -1.30382 0.739988 547.000000 669.000000
355000 32 605.5 516 698.5 550.906 149.248 204.687 41896.7 -1.23024 0.721027 549.000000 649.000000
356000 32 610 475 702 544.094 160.877 209.851 44037.6 -1.13341 0.282136 541.000000 657.000000
357000 32 641.5 522.5 706 562.031 161.268 211.822 44868.7 -1.25151 0.459885 591.000000 664.000000
358000 32 639 424.5 715.5 562.562 167.512 211.414 44695.9 -1.12303 0.387566 555.000000 675.000000
359000 32 610.5 469.5 722.5 558.156 164.982 215.509 46444 -1.06669 0.336358 536.000000 694.000000
360000 32 639.5 495.5 741 574.344 160.342 209.048 43701.2 -1.23161 0.699681 536.000000 708.000000
361000 32 598 481.5 735 564.781 157.662 210.608 44355.9 -1.12624 0.585336 564.000000 666.000000
362000 32 618.5 512 693.5 560.219 146.15 198.079 39235.4 -1.4187 1.23085 560.000000 661.000000
363000 32 617.5 496 716.5 569.75 149.453 200.499 40199.7 -1.24276 1.0018 558.000000 676.000000
364000 32 661 436.5 744.5 584.344 171.924 214.666 46081.6 -1.14589 0.512545 505.000000 726.000000
365000 32 621.5 459.5 769.5 577.531 163.582 212.051 44965.5 -1.05993 0.220977 578.000000 698.000000
366000 32 645.5 527 718 580.25 157.469 208.138 43321.5 -1.32292 0.819652 601.000000 698.000000
367000 32 655 485 708.5 576.938 159.711 209.522 43899.4 -1.21678 0.7037 592.000000 687.000000
368000 32 621 514.5 685 556.688 147.68 196.913 38774.7 -1.31232 0.757705 569.000000 680.000000
369000 32 652.5 561 726 577.281 155.193 207.315 42979.4 -1.30653 0.648157 577.000000 676.000000
370000 32 634.5 499.5 687.5 566.031 153.957 203.531 41424.8 -1.18401 0.770004 574.000000 668.000000
371000 32 656 528 717 587.125 161.328 212.084 44979.7 -1.26308 0.756566 629.000000 699.000000
372000 32 665 527.5 733.5 587.562 154.477 201.736 40697.4 -1.3466 0.833552 591.000000 706.000000
373000 32 646 542 718 571.938 151.961 204.519 41828.2 -1.36311 0.769462 593.000000 670.000000
374000 32 656 520.5 727.5 583.656 156.473 205.425 42199.4 -1.21262 0.54048 591.000000 684.000000
375000 32 633 535.5 707 581.031 144.705 193.256 37347.7 -1.22246 0.577764 596.000000 682.000000
376000 32 645.5 563 711.5 580.125 143.945 197.134 38861.9 -1.37853 0.773129 589.000000 687.000000
377000 32 598.5 541.5 692.5 568.031 126.77 181.828 33061.5 -1.15096 0.809924 580.000000 626.000000
378000 32 611 518 750.5 581.031 145.711 194.219 37721.1 -1.00457 0.345412 536.000000 684.000000
379000 32 673 562 741.5 600.531 144.557 191.437 36647.9 -1.31788 0.932548 569.000000 719.000000
380000 32 650 514 718 583.719 144.852 190.188 36171.4 -1.21458 0.697595 545.000000 693.000000
381000 32 638.5 503 731 584.031 141.4 184.486 34035.3 -1.05208 0.46461 552.000000 690.000000
382000 32 634 507 700.5 579.719 138.432 185.297 34335.1 -0.980961 0.181924 579.000000 649.000000
383000 32 646.5 552 721 593.344 137.652 185.606 34449.7 -1.24056 0.502231 600.000000 705.000000
384000 32 617.5 533 700.5 578.188 124.016 170.511 29074 -1.12624 0.515079 573.000000 675.000000
385000 32 634.5 545 730.5 592.875 137.469 185.746 34501.6 -1.11286 0.502635 572.000000 678.000000
386000 32 645 576 718 595.938 129.781 181.967 33111.9 -1.29935 1.04406 602.000000 681.000000
387000 32 645 534.5 723.5 591.688 131.535 175.545 30816 -1.22277 0.717475 573.000000 677.000000
388000 32 625.5 551 713.5 587.281 119.381 164.749 27142.3 -1.14612 0.539014 587.000000 658.000000
389000 32 660.5 562 727.5 604.156 131.742 174.268 30369.5 -1.25971 0.663984 589.000000 720.000000
390000 32 649.5 524.5 721.5 597.688 132.996 171.804 29516.5 -1.1072 0.405013 571.000000 708.000000
391000 32 647 549.5 731.5 603.531 132.836 175.369 30754.3 -1.12315 0.394374 575.000000 712.000000
392000 32 645.5 527.5 700 594.844 128.902 171.345 29359.2 -1.14064 0.524629 604.000000 666.000000
393000 32 649.5 528 723.5 593.594 132.346 171.508 29415 -1.01948 0.0444669 583.000000 680.000000
394000 32 665 556.5 750.5 603.875 134.648 174.943 30605.2 -1.06542 0.0736153 573.000000 712.000000
395000 32 634.5 520.5 733.5 599.531 134.928 175.568 30824 -0.939975 -0.154895 586.000000 705.000000
396000 32 666.5 518 733 604.188 131.652 168.977 28553.2 -1.18979 0.433771 577.000000 716.000000
397000 32 658.5 558.5 722 604.875 121.07 164.538 27072.8 -1.17356 0.680067 580.000000 691.000000
398000 32 643.5 563.5 757 611.875 124.023 169.945 28881.5 -1.09407 0.409841 604.000000 704.000000
399000 32 668.5 577.5 725 610.188 123.266 167.637 28102.1 -1.23693 0.61221 597.000000 696.000000
400000 32 668 546 713 606.875 127.102 165.294 27322 -1.11732 0.288947 585.000000 695.000000
401000 32 667 568.5 749 620.938 124.52 167.86 28176.9 -1.01546 0.145441 608.000000 693.000000
402000 32 657 588.5 711.5 614.969 114.854 161.016 25926.3 -1.03486 0.353741 613.000000 697.000000
403000 32 670.5 532.5 740 620.594 126.982 163.035 26580.4 -0.781609 -0.151295 598.000000 702.000000
404000 32 667.5 575 719 622.344 121.424 162.35 26357.4 -0.792474 0.285533 614.000000 707.000000
405000 32 661 541.5 717 615.781 118.426 154.543 23883.7 -1.13515 0.372509 619.000000 701.000000
406000 32 655.5 581.5 716.5 615.812 118.996 162.101 26276.7 -0.866991 0.0721915 611.000000 691.000000
407000 32 654.5 552 697.5 612.406 114.18 159.008 25283.4 -0.472181 0.600544 604.000000 670.000000
408000 32 660.5 556.5 707.5 619.594 115.67 158.354 25076 -0.876751 0.525807 609.000000 686.000000
409000 32 665 591 755 626.344 121.486 163.224 26642 -1.0457 0.217533 621.000000 689.000000
410000 32 647 580.5 737 616.094 116.877 156.153 24383.6 -1.11685 0.125008 614.000000 703.000000
411000 32 635 587.5 724.5 623.188 107.914 152.46 23244.1 -0.819774 0.176879 606.000000 674.000000
412000 32 647 559 728 613.656 115.992 154.494 23868.4 -0.991584 0.137084 597.000000 712.000000
413000 32 668 541.5 725 614.656 127.514 165.179 27284.2 -1.02259 0.0362809 606.000000 708.000000
414000 32 661.5 535 740.5 624.906 119.93 150.606 22682.1 -0.79335 -0.448542 606.000000 721.000000
415000 32 655.5 610 727.5 627.844 100.186 137.364 18868.9 -1.0641 0.166579 618.000000 708.000000
416000 32 644.5 556 750.5 626.812 109.211 140.724 19803.1 -0.597934 -0.124006 587.000000 688.000000
417000 32 653.5 548.5 732 621.031 113.215 145.269 21103.1 -0.785389 -0.121871 567.000000 689.000000
418000 32 649 529 742 612.031 123.771 164.278 26987.3 -0.755093 -0.157974 608.000000 676.000000
419000 32 644 533 732 620 113.25 148.18 21957.2 -0.843252 0.0556611 609.000000 698.000000
420000 32 651.5 566.5 745 631.5 110.125 146.937 21590.4 -0.919905 0.172767 611.000000 698.000000
421000 32 671 580.5 730.5 622.344 115.486 155.492 24177.7 -1.14215 0.343953 609.000000 702.000000
422000 32 653 544 749 622.938 116.195 147.149 21653 -0.523888 -0.520178 559.000000 688.000000
423000 32 695 580 747 633.75 123.359 158.83 25227 -1.16227 0.104768 648.000000 723.000000
424000 32 692.5 589 739 639.812 110.371 150.877 22763.8 -1.03399 0.505043 639.000000 702.000000
425000 32 638 575.5 737.5 617.188 113.09 153.849 23669.4 -0.978264 0.274566 589.000000 710.000000
426000 32 696 589 760.5 650.969 118.604 156.022 24343 -1.03355 0.354696 643.000000 721.000000
427000 32 666.5 602.5 729.5 641.969 110.287 156.075 24359.4 -0.993577 0.874613 620.000000 716.000000
428000 32 675.5 552.5 752.5 630.25 115.781 150.507 22652.5 -0.787451 0.0284239 598.000000 698.000000
429000 32 678.5 573 735.5 633.656 117.762 152.56 23274.4 -0.800065 -0.139248 610.000000 720.000000
430000 32 688.5 539.5 735.5 627.094 123.439 156.075 24359.5 -0.868723 -0.220791 600.000000 716.000000
431000 32 711 594 774.5 663.969 113.855 151.289 22888.2 -1.07279 0.168665 676.000000 728.000000
432000 32 710 625.5 784.5 663 117.125 156.21 24401.7 -1.24523 0.57945 654.000000 745.000000
433000 32 699 615 768.5 657.969 109.539 147.721 21821.5 -1.26993 1.05058 622.000000 730.000000
434000 32 680 588 786 659.969 109.223 147.558 21773.3 -0.949501 0.422878 632.000000 729.000000
435000 32 658.5 564 782 638.438 124.535 163.908 26865.9 -0.747849 -0.214372 611.000000 722.000000
436000 32 686.5 553.5 730 636.094 111.889 142.191 20218.4 -0.857659 0.055731 612.000000 706.000000
437000 32 668 568 741 635.594 112.07 142.667 20354 -0.760692 -0.219017 599.000000 716.000000
438000 32 681.5 601 742.5 645.812 108.109 147.64 21797.6 -0.87946 0.692643 629.000000 713.000000
439000 32 689.5 580.5 743 647.812 108.559 143.873 20699.3 -0.814085 0.0741136 646.000000 731.000000
440000 32 688.5 578.5 770.5 647.406 114.867 147.839 21856.4 -0.692379 -0.393003 630.000000 722.000000
441000 32 691 553 767 648.906 117.555 145.916 21291.5 -0.695181 -0.571828 615.000000 738.000000
442000 32 685.5 587 754 647.781 112.676 148.796 22140.4 -1.01971 0.255356 652.000000 731.000000
443000 32 662.5 617 774 652.656 107.408 144.989 21021.8 -0.892489 0.0435179 627.000000 751.000000
444000 32 674 556.5 763 640.219 117.441 151.849 23058 -0.758432 -0.0764363 596.000000 731.000000
445000 32 676.5 581 747 639.531 115.645 150.821 22746.9 -0.964879 0.025066 646.000000 721.000000
446000 32 684.5 574.5 734.5 635.875 103.898 131.422 17271.9 -0.983177 -0.0475431 614.000000 721.000000
447000 32 673.5 557.5 740.5 635.438 106.918 132.243 17488.3 -0.749815 -0.35529 601.000000 714.000000
448000 32 670 613.5 742 641.531 99.5859 137.078 18790.5 -1.01271 0.302289 629.000000 703.000000
449000 32 693 587.5 743 649.844 111.018 146.819 21555.7 -1.12616 0.74299 621.000000 730.000000
450000 32 652.5 601.5 747 641.156 99.6699 139.692 19513.9 -0.871132 0.270602 624.000000 701.000000
451000 32 694 600 765 653.875 109.656 140.916 19857.2 -1.05687 0.360913 615.000000 738.000000
452000 32 679 586 759 647.594 114.871 151.094 22829.3 -0.910051 -0.184041 654.000000 732.000000
453000 32 697 621 775 662.938 117.074 158.029 24973.1 -1.04165 0.203009 653.000000 739.000000
454000 32 680.5 587 789.5 653.625 121.633 158.991 25278 -0.817165 -0.174131 610.000000 736.000000
455000 32 685 622 752 655.406 106.705 151.8 23043.2 -1.03726 0.593606 649.000000 720.000000
456000 32 685 578 771 650.562 117.555 147.654 21801.6 -0.665239 -0.479512 618.000000 728.000000
457000 32 713 603.5 785 672.156 115.305 147.044 21621.9 -0.853133 -0.174712 634.000000 741.000000
458000 32 687 583.5 750.5 653.344 107.527 139.76 19532.9 -0.925972 -0.208038 659.000000 723.000000
459000 32 680 593 772 654.062 113.246 144.606 20911 -0.777155 -0.0766563 609.000000 733.000000
460000 32 675 586.5 753.5 647.969 114.537 145.297 21111.3 -0.791876 -0.302629 607.000000 742.000000
461000 32 669 577.5 743 644.531 112.84 148.289 21989.6 -0.659402 -0.0680917 609.000000 706.000000
462000 32 693.5 587 735.5 641.375 111.82 145.263 21101.5 -0.992315 0.329552 614.000000 714.000000
463000 32 711 594 759 657.531 116.961 147.17 21659 -0.79803 -0.357733 617.000000 735.000000
464000 32 696.5 593.5 772.5 654.844 109.613 136.789 18711.1 -0.853946 -0.325838 613.000000 758.000000
465000 32 673.5 586.5 754.5 641.781 104.1 136.188 18547.1 -0.859672 -0.241549 635.000000 700.000000
466000 32 700 625 742.5 655.5 101.969 139.497 19459.4 -0.988215 0.238331 639.000000 720.000000
467000 32 669.5 586.5 775.5 655.219 112.928 146.573 21483.7 -0.70108 -0.340906 624.000000 736.000000
468000 32 683 588 787.5 654 119.562 149.176 22253.5 -0.712683 -0.567462 607.000000 741.000000
469000 32 688.5 602 767 661.969 106.289 136.714 18690.7 -0.816788 -0.375083 628.000000 742.000000
470000 32 676 602.5 769.5 665.312 106.168 138.105 19072.9 -0.624277 -0.134995 624.000000 750.000000
471000 32 707 592.5 740.5 651.312 106.859 134.597 18116.2 -0.871034 -0.299347 625.000000 726.000000
472000 32 681.5 593 762.5 649.406 107.143 135.066 18243 -0.734471 -0.626593 638.000000 718.000000
473000 32 654 571.5 757.5 636.062 118.867 155.136 24067.3 -0.555675 -0.456905 591.000000 703.000000
474000 32 694 605 782 665.281 116.273 155.882 24299.2 -0.703795 -0.161978 638.000000 728.000000
475000 32 691.5 589 760 654.656 109.471 135.902 18469.3 -0.634902 -0.535749 612.000000 732.000000
476000 32 685 594.5 814 672.531 123.469 152.228 23173.4 -0.443175 -0.773456 620.000000 752.000000
477000 32 677 602 748 650.969 100.408 130.611 17059.2 -0.808206 -0.140181 625.000000 728.000000
478000 32 696 607.5 760.5 665.062 109.492 139.08 19343.2 -0.831831 -0.120497 623.000000 753.000000
479000 32 697 616.5 763.5 659.062 100.484 135.308 18308.1 -1.09068 0.522282 638.000000 722.000000
480000 32 688 608.5 757.5 654.594 103.607 131.602 17319 -0.900003 -0.270733 617.000000 739.000000
481000 32 693 629.5 757 661.531 102.74 135.322 18312.1 -0.957316 -0.178011 661.000000 725.000000
482000 32 707.5 626 776.5 669.938 111.199 144.98 21019.3 -0.9266 0.0777345 634.000000 747.000000
483000 32 719 625.5 768 672.094 112.059 147.046 21622.4 -1.05663 0.215979 676.000000 742.000000
484000 32 681 577.5 752 649.781 111.385 144.378 20845.1 -0.832708 0.0436792 630.000000 727.000000
485000 32 684.5 555 740.5 641.156 108.752 135.332 18314.7 -0.730356 -0.316868 619.000000 711.000000
486000 32 710.5 571 786.5 664.406 118.268 140.529 19748.4 -0.66874 -0.792728 606.000000 774.000000
487000 32 687.5 560.5 765.5 657.875 110.766 136.04 18507 -0.512406 -0.700594 623.000000 751.000000
488000 32 701.5 601.5 766 674.344 97.7578 126.175 15920.1 -0.685032 -0.21197 657.000000 749.000000
489000 32 686 604.5 758.5 667.688 93.3711 120.107 14425.7 -0.775206 -0.193095 641.000000 742.000000
490000 32 699.5 632.5 775 685.406 98.2559 126.542 16013 -0.41921 -0.372249 650.000000 768.000000
491000 32 695 597.5 752 661.125 98.3438 125.623 15781.1 -0.877202 0.10443 616.000000 725.000000
492000 32 720.5 571.5 788 659.469 119.135 147 21609.1 -0.921257 -0.492256 654.000000 737.000000
493000 32 702.5 603 769 662.781 104.898 135.947 18481.7 -0.940665 -0.000566382 646.000000 741.000000
494000 32 693.5 627 715.5 649.344 100.32 135.186 18275.2 -0.809459 -0.00268479 646.000000 709.000000
495000 32 682 551.5 771.5 654.656 103.596 129.046 16652.8 -0.615066 -0.755491 644.000000 738.000000
496000 32 705.5 596.5 759 665.844 99.748 126.715 16056.8 -0.688881 -0.110976 626.000000 744.000000
497000 32 714.5 606 793.5 679.562 104.18 125.066 15641.5 -0.659111 -0.797722 626.000000 773.000000
498000 32 698 605.5 802 681.812 109.973 138.125 19078.5 -0.65328 -0.498576 631.000000 752.000000
499000 32 698.5 612 768.5 663.031 109.15 144.275 20815.3 -0.832273 -0.202471 647.000000 751.000000
500000 32 682.5 618.5 799.5 674.062 104.867 135.541 18371.4 -0.699436 -0.5371 652.000000 757.000000
501000 32 703 610.5 773 676.375 110.719 142.481 20300.8 -0.662506 -0.125536 654.000000 764.000000
502000 32 708.5 583.5 772.5 665.625 118.578 150.542 22663 -0.846451 -0.395688 667.000000 744.000000
503000 32 670 598 767.5 654.562 106.492 140.184 19651.6 -0.61407 -0.446426 636.000000 734.000000
504000 32 689 600 781 669.562 111.242 141.012 19884.3 -0.656133 -0.491518 640.000000 751.000000
505000 32 685.5 633.5 775 678.594 100.332 133.978 17950 -0.722718 -0.384062 662.000000 763.000000
506000 32 671.5 555 768.5 651.562 119.25 141.987 20160.3 -0.484254 -0.702261 591.000000 749.000000
507000 32 688.5 585.5 786.5 673.594 114.744 145.583 21194.4 -0.495881 -0.223987 606.000000 758.000000
508000 32 689 592.5 802.5 679 114 144.504 20881.3 -0.511773 -0.679006 643.000000 790.000000
509000 32 710 606 768 672.031 105.65 131.953 17411.6 -0.657476 -0.395086 639.000000 749.000000
510000 32 675 612.5 773.5 671.906 104.543 134.467 18081.2 -0.375348 -0.650228 635.000000 745.000000
511000 32 686.5 632 763.5 666.75 85.5625 116.299 13525.4 -1.00277 0.512817 647.000000 720.000000
512000 32 695.5 608 766 669.906 101.049 125.651 15788.1 -0.611778 -0.625035 625.000000 739.000000
513000 32 691.5 624 765.5 671.406 94.5684 121.905 14860.9 -0.725642 -0.414629 645.000000 748.000000
514000 32 723 629 781 679.062 106.809 139.034 19330.3 -0.828637 -0.15496 662.000000 756.000000
515000 32 737.5 621.5 806 699.406 110.404 144.529 20888.7 -0.877965 -0.104073 690.000000 762.000000
516000 32 719.5 624.5 797 685.812 104.359 133.431 17803.9 -0.973694 0.1137 669.000000 758.000000
517000 32 735 619.5 773 687.531 106.707 135.796 18440.6 -0.856693 -0.220111 700.000000 755.000000
518000 32 707 627 769 680.344 95.5078 129.299 16718.1 -0.649029 0.257259 668.000000 735.000000
519000 32 731.5 627 792 693.5 96.625 128.682 16559.2 -1.16914 1.04584 686.000000 767.000000
520000 32 709.5 557 789.5 677.875 120.398 145.6 21199.3 -0.236855 -1.01823 628.000000 754.000000
521000 32 748 615.5 795.5 692.969 109.223 133.916 17933.5 -0.599399 -0.611589 650.000000 781.000000
522000 32 729.5 620 815.5 698.281 105.996 128.884 16611.2 -0.491143 -0.879269 643.000000 774.000000
523000 32 706 623.5 790.5 694.281 111.656 141.205 19939 -0.348072 -0.82084 653.000000 773.000000
524000 32 730 613.5 809.5 695.688 107.477 138.544 19194.4 -0.713215 -0.226722 668.000000 755.000000
525000 32 708 584 788 681.062 104.984 131.476 17285.9 -0.611079 -0.403999 640.000000 745.000000
526000 32 701 594 767 679.344 105.904 134.648 18130.1 -0.565188 -0.272089 643.000000 747.000000
527000 32 715 603 807.5 691 110 134.8 18171.1 -0.551652 -0.797658 643.000000 789.000000
528000 32 733.5 546 809.5 683.188 127.379 152.149 23149.4 -0.522673 -1.1053 622.000000 777.000000
529000 32 673 572.5 801.5 675.312 116.688 147.694 21813.4 -0.407319 -0.529091 640.000000 759.000000
530000 32 692 558 812 669.656 118.658 148.916 22176 -0.50089 -0.801368 637.000000 741.000000
531000 32 705.5 599 789.5 680.156 108.521 134.885 18194.1 -0.580843 -0.545632 641.000000 767.000000
532000 32 724.5 629 784 685.562 102.172 136.62 18665 -0.979782 0.455705 669.000000 737.000000
533000 32 734 622.5 786 694.094 104.496 137.348 18864.6 -1.03637 0.706126 710.000000 756.000000
534000 32 700 625 759.5 687.406 100.693 138.23 19107.5 -0.147428 0.0414501 644.000000 734.000000
535000 32 724.5 619.5 797.5 699.156 106.064 137.637 18943.9 -0.543881 -0.0771453 672.000000 786.000000
536000 32 725 627.5 805.5 699.406 108.98 142.316 20253.9 -1.05266 0.54057 672.000000 789.000000
537000 32 742.5 604.5 801.5 695.906 117.736 142.954 20436 -0.756328 -0.176166 639.000000 784.000000
538000 32 693 603.5 798 684.594 98.457 128.815 16593.3 -0.499636 -0.365153 666.000000 752.000000
539000 32 712 614 809 697.719 105.334 131.383 17261.6 -0.483963 -0.77249 643.000000 775.000000
540000 32 722 618.5 807.5 694.156 104.314 130.485 17026.3 -0.527948 -0.542661 652.000000 751.000000
541000 32 729 615 790.5 696.031 106.4 130.962 17151 -0.666835 -0.705699 675.000000 778.000000
542000 32 714 589.5 800 685.719 104.432 129.413 16747.8 -0.659779 -0.620951 685.000000 756.000000
543000 32 694.5 585.5 783.5 680.281 107.031 132.151 17463.8 -0.497189 -0.629714 641.000000 764.000000
544000 32 728.5 602.5 772 690.219 101.678 127.193 16178.2 -0.479395 -0.275647 665.000000 756.000000
545000 32 719 613.5 796 693.281 101.416 128.712 16566.7 -0.644669 -0.133571 652.000000 755.000000
546000 32 721.5 609 804.5 690.625 111.508 137.389 18875.7 -0.674903 -0.495332 630.000000 772.000000
547000 32 738.5 638.5 796.5 693.562 106.895 135.15 18265.5 -0.823222 -0.197472 665.000000 774.000000
548000 32 748 624 795.5 692.656 109.055 136.017 18500.7 -0.96247 -0.0449853 666.000000 780.000000
549000 32 718.5 618 756 681.5 103.125 136.892 18739.5 -0.69829 -0.118196 670.000000 737.000000
550000 32 704 614.5 793.5 685.125 105.977 133.746 17887.9 -0.738673 -0.278756 638.000000 772.000000
551000 32 712 592.5 812.5 698.969 106.6 130.701 17082.9 -0.488275 -0.95533 656.000000 790.000000
552000 32 731 635.5 783 691.531 99.5859 123.799 15326.3 -0.81187 -0.439331 647.000000 754.000000
553000 32 724 619.5 825.5 716.469 100.939 126.478 15996.6 -0.43386 -0.66723 690.000000 798.000000
554000 32 728 618 797 703.812 92.2109 116.281 13521.4 -0.782538 0.184952 670.000000 776.000000
555000 32 718 620 782.5 692.469 92.4766 112.211 12591.3 -0.584768 -0.729729 632.000000 754.000000
556000 32 716.5 596 762 690.688 93.9141 118.567 14058 -0.450584 -0.636413 667.000000 752.000000
557000 32 749 629.5 796.5 710.156 100.17 123.06 15143.7 -0.592955 -0.630589 641.000000 768.000000
558000 32 703.5 623 800 701.281 95.1562 114.975 13219.2 -0.472556 -0.826812 656.000000 793.000000
559000 32 737 638 817 699.125 106.609 130.385 17000.3 -0.639884 -0.690379 645.000000 771.000000
560000 32 714.5 644 786 699.188 93.6758 121.789 14832.7 -0.641844 -0.020105 663.000000 761.000000
561000 32 735.5 623 806 705.531 100.623 121 14641 -0.543675 -0.816554 661.000000 783.000000
562000 32 733.5 629.5 794.5 702.531 96.8984 122.864 15095.5 -0.95348 0.160014 694.000000 785.000000
563000 32 734.5 579 798.5 694.312 116.109 136.323 18584.1 -0.473699 -1.06739 635.000000 782.000000
564000 32 701 584 780.5 679.156 108.314 129.078 16661.2 -0.279614 -1.01792 607.000000 759.000000
565000 32 710.5 635.5 792 695.781 95.8574 125.005 15626.3 -0.800639 -0.132767 681.000000 773.000000
566000 32 751 599.5 792.5 705.938 109.328 137.749 18974.8 -0.599902 -0.207221 681.000000 775.000000
567000 32 706.5 626 793 702.094 104.025 138.09 19068.8 -0.198375 -0.496726 666.000000 743.000000
568000 32 730 636 829 715.875 102.883 128.012 16387.1 -0.628003 -0.468687 682.000000 793.000000
569000 32 739.5 658.5 802.5 713.156 90.6367 115.823 13415 -0.75504 -0.212631 679.000000 790.000000
570000 32 762.5 615 825.5 723.125 111.727 134.077 17976.7 -0.657091 -0.725905 685.000000 814.000000
571000 32 707.5 676 816.5 709 90.8125 127.452 16243.9 -0.773144 0.156286 693.000000 752.000000
572000 32 709 609.5 790.5 697.062 103.625 128.26 16450.7 -0.201413 -0.740099 638.000000 769.000000
573000 32 702 623 811 698.312 98.668 120.166 14439.8 -0.472366 -0.803961 657.000000 763.000000
574000 32 700.5 614 809.5 697.188 97.4258 125.533 15758.4 -0.472424 -0.431479 668.000000 753.000000
575000 32 750.5 624 817.5 713.938 111.07 133.197 17741.5 -0.392587 -0.935982 665.000000 789.000000
576000 32 710 629.5 815 704.344 98.5723 128.361 16476.4 0.066225 -0.59685 671.000000 741.000000
577000 32 715.5 630.5 793 703.75 88.9531 110.305 12167.2 -0.338726 -0.691118 643.000000 781.000000
578000 32 725 615 819 701.344 107.697 128.458 16501.4 -0.473561 -0.632958 640.000000 787.000000
579000 32 720.5 642.5 770.5 690.656 90.7207 115.04 13234.2 -0.652387 -0.420636 663.000000 751.000000
580000 32 706.5 614.5 783 689.219 87.7676 105.773 11188 -0.353393 -0.812802 638.000000 752.000000
581000 32 709 609 821.5 697.625 112 135.795 18440.4 -0.221063 -0.940933 638.000000 772.000000
582000 32 682.5 640 808.5 702.094 104.037 126.555 16016.2 -0.21512 -0.897904 655.000000 777.000000
583000 32 731 622 793.5 703.719 92.834 115.264 13285.9 -0.727542 -0.466569 673.000000 764.000000
584000 32 716.5 637.5 785.5 697.5 100 125.311 15702.8 -0.526807 -0.625286 662.000000 772.000000
585000 32 709 599 799.5 693.562 93.3398 109.766 12048.6 -0.115611 -1.18071 629.000000 750.000000
586000 32 719.5 611.5 814 699.781 100.496 121.531 14769.8 -0.415183 -0.916947 641.000000 774.000000
587000 32 717.5 623.5 811 703.094 84.7695 106.838 11414.3 -0.769612 -0.102073 685.000000 769.000000
588000 32 769 622 823.5 719.281 110.729 132.525 17562.9 -0.646091 -0.650504 671.000000 797.000000
589000 32 724 611.5 813.5 703.625 108.445 132.877 17656.2 -0.555012 -0.73172 651.000000 799.000000
590000 32 753 592.5 829.5 711.281 114.354 136.161 18539.9 -0.615791 -0.954033 673.000000 800.000000
591000 32 709 634.5 803.5 701.812 97.6484 122.083 14904.2 -0.66459 -0.513127 660.000000 779.000000
592000 32 726 618 806 702.344 99.7383 122.742 15065.6 -0.384193 -0.490541 646.000000 781.000000
593000 32 723.5 626 792 696.344 97.0098 115.476 13334.7 -0.579967 -0.835421 657.000000 777.000000
594000 32 719.5 645 797 705.719 87.8613 114.359 13078 -0.721947 0.0701081 683.000000 786.000000
595000 32 715 619.5 789 696.438 90.6055 112.361 12625 -0.554174 -0.633259 630.000000 773.000000
596000 32 733.5 634 800.5 703.375 100.664 123.075 15147.5 -0.727076 -0.153672 649.000000 787.000000
597000 32 740.5 618 806 715.406 95.2676 112.789 12721.4 -0.320563 -0.943973 667.000000 794.000000
598000 32 747 651 813.5 716.812 89.7734 111.311 12390.1 -0.508815 -0.690467 675.000000 770.000000
599000 32 724 633.5 809.5 713.781 93.1699 123.094 15152.2 0.00588646 -0.586016 684.000000 746.000000
600000 32 729.5 615 819.5 707.156 101.502 123.637 15286.2 -0.602412 -0.694392 664.000000 791.000000
601000 32 707.5 608.5 819 701.625 101.836 127.658 16296.6 -0.274451 -1.14228 670.000000 768.000000
602000 32 727 637 808 706.031 92.1523 113.701 12927.8 -0.326134 -0.824084 642.000000 765.000000
603000 32 726 654 784.5 707.375 80.6172 106.545 11351.8 -0.736374 0.180013 695.000000 765.000000
604000 32 717.5 616.5 800.5 702.469 89.9727 108.288 11726.3 -0.238538 -0.827314 657.000000 763.000000
605000 32 725 616.5 811.5 701.875 106.195 127.703 16308.1 -0.387233 -1.01831 670.000000 787.000000
606000 32 711.5 605 798.5 700.094 94.4004 117.179 13730.9 -0.169682 -1.05279 669.000000 760.000000
607000 32 705 637 800 703.781 92.6562 117.496 13805.3 -0.293103 -0.840163 654.000000 759.000000
608000 32 718.5 642.5 821 710.719 91.4414 114.271 13057.9 -0.297476 -1.08424 676.000000 774.000000
609000 32 732 634.5 793 709.156 86.9297 112.992 12767.2 -0.491767 -0.447656 692.000000 752.000000
610000 32 740 652 792.5 711.406 86.2305 106.814 11409.2 -0.626997 -0.508543 683.000000 773.000000
611000 32 723 626 814 714.812 99.2617 119.069 14177.4 -0.435462 -0.994281 685.000000 790.000000
612000 32 705 652.5 806.5 711.688 79.0859 102.552 10516.9 -0.188745 -0.651504 679.000000 767.000000
613000 32 743 619 793 711.281 85.2109 100.74 10148.5 -0.628514 -0.854319 661.000000 787.000000
614000 32 749 653 837 733.562 90.4297 112.363 12625.4 -0.127218 -0.903839 692.000000 773.000000
615000 32 725.5 624 805.5 706.719 100.574 128.794 16588 -0.533688 -0.689242 712.000000 765.000000
616000 32 730 639 818 708.969 95.1602 119.503 14281.1 -0.442044 -0.731571 675.000000 755.000000
617000 32 737.5 610 826 707.656 108.615 133.494 17820.7 -0.36409 -0.831949 654.000000 770.000000
618000 32 744 639.5 797.5 706.562 98.6445 123.951 15363.9 -0.615952 -0.590126 676.000000 767.000000
619000 32 765.5 642.5 816.5 724.281 107.354 132.247 17489.2 -0.647388 -0.650072 703.000000 792.000000
620000 32 746.5 627 817.5 715.656 96.6387 121.95 14871.8 -0.923705 -0.118667 712.000000 786.000000
621000 32 755 653 805.5 728.938 93.7109 120.096 14423.2 -0.536781 -0.809532 731.000000 785.000000
622000 32 724 664.5 788.5 705.75 78.2031 102.635 10534 -0.891069 -0.0302499 699.000000 760.000000
623000 32 743.5 652 794 722.875 80.0234 101.635 10329.7 -0.432698 -0.236049 694.000000 781.000000
624000 32 746.5 685 805.5 722.344 79.4043 102.568 10520.2 -1.00565 0.518645 698.000000 776.000000
625000 32 715 658.5 787.5 711.25 75.1719 104.172 10851.7 -0.484841 0.593764 692.000000 750.000000
626000 32 732.5 660 798.5 716.625 79.7422 105.8 11193.6 -0.80449 0.216482 686.000000 766.000000
627000 32 734 631 819 719.5 92.4688 112.21 12591 -0.452906 -0.908523 681.000000 792.000000
628000 32 728.5 668 788 712.781 81.4121 112.965 12761.1 -0.88681 1.0314 700.000000 742.000000
629000 32 716 661 802.5 713.406 86.9688 113.305 12838.1 -0.492118 -0.454736 692.000000 762.000000
630000 32 744 642 834 718.062 100.297 126.149 15913.6 -0.688672 -0.462148 687.000000 779.000000
631000 32 756 649 830.5 721.312 107.441 132.822 17641.7 -0.702982 -0.508048 673.000000 803.000000
632000 32 740.5 687 810.5 715.75 89.875 119.898 14375.4 -0.907973 -0.122325 706.000000 776.000000
633000 32 758 627.5 824 720.031 108.838 131.245 17225.2 -0.575127 -0.820714 674.000000 800.000000
634000 32 727 666 815.5 724.219 93.5938 119.536 14288.9 -0.350412 -0.750532 696.000000 798.000000
635000 32 754 676 822 734.281 92.4961 118.948 14148.5 -0.59728 -0.463755 708.000000 803.000000
636000 32 736 624.5 798 711.969 88.7852 103.967 10809.1 -0.375678 -1.20817 669.000000 786.000000
637000 32 729.5 621 780 698.875 89.0859 108.601 11794.2 -0.468335 -0.600955 653.000000 752.000000
638000 32 723 632.5 793.5 709.406 87.2422 110.828 12282.8 -0.746204 -0.292525 688.000000 780.000000
639000 32 747 655 805.5 718.438 100.516 129.088 16663.7 -0.7769 -0.382281 710.000000 793.000000
640000 32 753 655.5 808 721.688 100.684 126.791 16075.9 -0.682785 -0.531428 699.000000 797.000000
641000 32 746.5 645 824 724.031 97.7168 123.869 15343.6 -0.367018 -0.530262 687.000000 794.000000
642000 32 727 651.5 792.5 698.219 92.3027 120.536 14528.8 -1.04913 0.30314 662.000000 773.000000
643000 32 727 679 827 721.688 92.7266 121.389 14735.3 -0.479214 -0.460741 684.000000 770.000000
644000 32 729.5 646 819 716.188 102.352 128.89 16612.7 -0.440707 -0.683612 681.000000 796.000000
645000 32 740.5 659 805 718.25 90.2812 108.995 11879.8 -0.335179 -0.86169 673.000000 797.000000
646000 32 723 647 826.5 731.656 92.5723 120.554 14533.3 0.00211108 -0.447664 685.000000 782.000000
647000 32 750 674 829.5 736 97 124.429 15482.6 -0.473943 -0.518802 712.000000 806.000000
648000 32 727 632 832 713.781 108.857 134.325 18043.3 -0.401864 -0.809412 660.000000 783.000000
649000 32 742 653 809.5 725.594 90.0332 118.613 14069 -0.338313 -0.470552 722.000000 763.000000
650000 32 753.5 649 814.5 727.688 93.7656 117.099 13712.2 -0.545885 -0.677547 703.000000 799.000000
651000 32 723.5 650 795.5 711.781 84.7461 111.422 12415 -0.440627 -0.216137 685.000000 753.000000
652000 32 727 644 795 721.938 85.6914 107.295 11512.3 -0.237428 -0.597273 673.000000 779.000000
653000 32 738 687 841.5 750.719 83.8262 105.906 11216 -0.208759 -0.727644 719.000000 818.000000
654000 32 739.5 641.5 834.5 732.312 98.6055 119.335 14240.9 -0.0922432 -1.0632 669.000000 789.000000
655000 32 731 669 825.5 730.656 88.4277 109.69 12032 -0.369677 -0.711076 695.000000 796.000000
656000 32 752 651.5 838 741.219 100.455 120.308 14474 -0.272442 -0.99888 679.000000 817.000000
657000 32 745 652 816 725.438 91.6953 114.202 13042.1 -0.303672 -0.625025 690.000000 809.000000
658000 32 760 667 809 732.375 87.4531 111.932 12528.7 -0.64736 -0.282346 706.000000 792.000000
659000 32 746 670 826 734.625 97.7969 124.234 15434.1 -0.506181 -0.763135 712.000000 815.000000
660000 32 736.5 661.5 845 731.562 92.4023 116.86 13656.3 -0.225622 -0.689714 686.000000 784.000000
661000 32 739.5 620 839 726.625 109.523 132.497 17555.3 -0.170503 -0.965283 659.000000 807.000000
662000 32 706.5 629.5 790 702.312 95.418 121.982 14879.7 -0.27017 -0.476457 647.000000 776.000000
663000 32 742 634 842 725.906 97.668 116.479 13567.3 -0.191274 -1.12557 655.000000 787.000000
664000 32 774.5 672.5 834.5 745.938 99.5117 128.13 16417.4 -0.597972 -0.360976 720.000000 814.000000
665000 32 760.5 632.5 808.5 723.156 90.127 107.468 11549.4 -0.45652 -0.98057 681.000000 787.000000
666000 32 745 662.5 827 725.75 90.4219 114.054 13008.3 -0.650583 -0.107308 685.000000 785.000000
667000 32 718.5 672.5 805.5 713.688 76.457 103.437 10699.2 -0.391959 -0.468979 682.000000 742.000000
668000 32 757 637 808.5 720.406 92.3672 117.266 13751.2 -0.770899 -0.332649 708.000000 794.000000
669000 32 757.5 669 806.5 722.25 88.6406 111.89 12519.5 -0.756091 0.0116471 677.000000 786.000000
670000 32 739 625 825.5 719.688 98.8906 121.754 14824.1 -0.584371 -0.623604 646.000000 800.000000
671000 32 733 681.5 802 721.719 84.4238 112.158 12579.4 -0.357548 -0.125865 693.000000 760.000000
672000 32 761 705 823 740.812 79.7109 105.639 11159.5 -0.711399 -0.188537 721.000000 791.000000
673000 32 779.5 684 837.5 746.781 87.1348 107.831 11627.5 -0.914103 -0.163651 730.000000 812.000000
674000 32 758.5 705.5 852.5 752.5 82.25 102.482 10502.6 -0.648473 -0.52895 721.000000 815.000000
675000 32 774.5 687.5 813 745.156 80.9922 101.572 10316.8 -0.607256 -0.351277 711.000000 793.000000
676000 32 785 647 819.5 742.125 89.0469 106.194 11277.1 -0.486762 -0.891771 712.000000 807.000000
677000 32 761.5 688 814.5 733.875 87.4062 114.976 13219.4 -0.775216 -0.137148 712.000000 792.000000
678000 32 741 699.5 795.5 735.219 69.8789 97.3254 9472.24 -0.67664 0.643518 715.000000 768.000000
679000 32 744.5 642.5 819 727.375 85.4531 105.505 11131.4 -0.343127 -0.769942 669.000000 783.000000
680000 32 744.5 685 823 738.781 79.6699 103.426 10697 -0.51931 -0.174512 716.000000 787.000000
681000 32 762 694.5 832 736.188 86.9883 110.357 12178.7 -0.773869 -0.174795 703.000000 796.000000
682000 32 765 701.5 810.5 737.469 83.2598 109.592 12010.3 -0.871302 0.16746 711.000000 792.000000
683000 32 757 690 836 743.312 90.7734 114.936 13210.2 -0.659868 -0.676188 724.000000 820.000000
684000 32 731.5 666.5 817 731.125 84.25 108.908 11861 -0.38713 -0.23058 702.000000 785.000000
685000 32 756 681.5 820 741.406 84.4551 109.801 12056.2 -0.68792 -0.423001 732.000000 798.000000
686000 32 724.5 661.5 827.5 731.562 83.1602 102.317 10468.7 -0.373924 -0.587845 695.000000 794.000000
687000 32 720.5 656 832.5 734.031 87.3496 110.493 12208.7 0.04688 -0.756611 683.000000 770.000000
688000 32 736.5 687 794 728.344 72.4043 96.7089 9352.62 -0.644882 -0.0356071 713.000000 785.000000
689000 32 755 658.5 808 721.031 86.9004 111.706 12478.2 -0.872648 0.26263 677.000000 786.000000
690000 32 750 672.5 812 733.844 83.8105 103.37 10685.4 -0.542787 -0.394621 686.000000 796.000000
691000 32 737.5 640.5 799 725.219 83.1016 101.043 10209.6 -0.438312 -0.91403 692.000000 783.000000
692000 32 753 650 819 737 84.0625 101.924 10388.5 -0.32346 -0.546353 691.000000 794.000000
693000 32 750 650.5 823.5 726.75 94.0781 111.477 12427 -0.330073 -1.07959 667.000000 793.000000
694000 32 753 662.5 814.5 726 87 109.544 11999.8 -0.622975 -0.605449 701.000000 781.000000
695000 32 763 629.5 829 733.719 89.959 107.676 11594.2 -0.431515 -1.1421 705.000000 787.000000
696000 32 763 653 826 748.812 84.1602 104.007 10817.5 -0.277563 -0.969457 726.000000 803.000000
697000 32 747.5 672 828 741.5 81.3438 98.2026 9643.74 -0.261693 -0.718633 696.000000 797.000000
698000 32 758 678 832.5 743.406 89.543 110.615 12235.7 -0.470766 -0.70882 696.000000 801.000000
699000 32 740 680 803 723.812 80.2969 103.005 10610 -0.667208 -0.528662 703.000000 795.000000
700000 32 751 677.5 845 748.281 85.8887 109.648 12022.8 -0.263134 -0.671514 720.000000 783.000000
701000 32 731.5 663.5 832.5 732.688 73.6875 92.1809 8497.32 -0.0634472 -1.21215 708.000000 763.000000
702000 32 743.5 664.5 812 731.156 78.0117 98.3431 9671.36 -0.487135 -0.284451 701.000000 786.000000
703000 32 766.5 661 839.5 747.062 90.5508 109.474 11984.6 -0.349195 -0.873829 697.000000 806.000000
704000 32 761.5 677.5 838.5 740.156 88.3145 111.534 12439.9 -0.591335 -0.732091 725.000000 803.000000
705000 32 738.5 665 810 723.406 86.1055 111.967 12536.6 -0.62794 -0.487504 705.000000 797.000000
706000 32 743 688.5 800 735.656 75.9062 101.312 10264 -0.0642635 -0.069951 704.000000 762.000000
707000 32 742.5 657.5 817.5 729.219 82.5527 99.5048 9901.21 -0.157877 -0.959029 678.000000 786.000000
708000 32 750 688.5 869.5 761.781 82.8926 102.317 10468.8 -0.256425 -0.72843 727.000000 815.000000
709000 32 758.5 646.5 842.5 744.25 87.4219 103.879 10790.8 -0.0994146 -1.12074 694.000000 810.000000
710000 32 766.5 689.5 814 751.438 66.8203 80.5357 6486 -0.237842 -0.799351 700.000000 801.000000
711000 32 769.5 667 846.5 747.812 88.8984 111.856 12511.8 -0.54147 -0.763601 735.000000 803.000000
712000 32 778.5 692 827.5 755.719 84.334 106.172 11272.4 -0.591914 -0.264152 719.000000 816.000000
713000 32 762.5 688 848 762.75 86.6875 105.807 11195.2 -0.237925 -0.695377 717.000000 822.000000
714000 32 778 706 871 774.25 91.375 108.392 11748.8 -0.321425 -1.07431 729.000000 853.000000
715000 32 767 660 852 751.312 91.668 108.572 11787.9 -0.387088 -1.25475 714.000000 829.000000
716000 32 777 669.5 818 747.531 81.3398 96.7394 9358.52 -0.485273 -0.986243 717.000000 811.000000
717000 32 771 669 848.5 750.219 92.5039 110.112 12124.7 -0.206444 -1.06804 699.000000 806.000000
718000 32 786 681.5 838.5 760.531 85.3398 106.467 11335.3 -0.407595 -0.072717 713.000000 819.000000
719000 32 767 682 851.5 756.656 90.7617 117.12 13717.2 -0.0629527 -0.175627 697.000000 801.000000
720000 32 754 670.5 838 741.125 94.1172 115.272 13287.6 -0.346274 -0.919569 691.000000 805.000000
721000 32 772.5 623.5 846 740.25 96.0938 115.531 13347.4 -0.40712 -1.18479 709.000000 805.000000
722000 32 760.5 669.5 803 739.656 82.3047 103.79 10772.4 -0.343445 -0.591747 701.000000 794.000000
723000 32 764 657 837.5 748.594 86.2695 109.025 11886.4 -0.153871 -0.78312 705.000000 790.000000
724000 32 727 674 845.5 742.562 89.4102 109.974 12094.2 -0.431277 -0.566495 703.000000 814.000000
725000 32 771.5 656.5 833 749 87.8125 103.851 10785 -0.483527 -1.03276 706.000000 821.000000
726000 32 768 680.5 838.5 753.031 89.7188 114.162 13032.9 -0.424657 -0.308756 729.000000 813.000000
727000 32 753 695 852 750.688 88.2695 113.373 12853.5 -0.302039 -0.714314 713.000000 807.000000
728000 32 778 671.5 826 746.125 84.6094 104.745 10971.5 -0.67547 -0.555326 720.000000 806.000000
729000 32 779 663.5 832.5 750.219 87.6914 103.183 10646.8 -0.473493 -1.08895 721.000000 821.000000
730000 32 778 666.5 798 735.125 77.9062 93.0251 8653.66 -0.635974 -0.725101 703.000000 794.000000
731000 32 773.5 696 829 743.969 78.2871 98.316 9666.03 -0.824613 -0.391076 730.000000 802.000000
732000 32 765.5 688 857.5 756.344 92.6543 115.386 13313.8 -0.641899 -0.569841 710.000000 832.000000
733000 32 778.5 700.5 846 757.875 88.9609 121.236 14698.2 -1.04594 0.702961 746.000000 810.000000
734000 32 753 692.5 853 748.188 89.125 111.801 12499.5 -0.426946 -0.677189 717.000000 807.000000
735000 32 782 726 834.5 758.312 72.9609 97.3147 9470.16 -0.968974 0.322719 748.000000 812.000000
736000 32 784.5 673.5 871.5 765.906 90.2246 114.504 13111.2 -0.57151 -0.48499 750.000000 843.000000
737000 32 784 702.5 867 762.219 91.3652 117.633 13837.5 -0.946285 0.284052 733.000000 829.000000
738000 32 776 691 837 764.406 80.0801 106.668 11378.1 -0.766705 0.835976 728.000000 819.000000
739000 32 775.5 705.5 865 764.656 91.4902 114.104 13019.7 -0.730613 -0.157025 729.000000 843.000000
740000 32 774.5 707.5 839 761.406 77.2559 97.828 9570.31 -0.652635 -0.19264 736.000000 823.000000
741000 32 780 710.5 868 772.094 86.5312 108.131 11692.2 -0.685896 0.067809 738.000000 844.000000
742000 32 795.5 685 856.5 765.594 90.6953 111.746 12487.2 -0.576989 -0.531363 731.000000 829.000000
743000 32 788 683.5 860.5 763.5 93.8125 112.68 12696.8 -0.543112 -0.927898 715.000000 839.000000
744000 32 812 721 871.5 786.781 89.1973 112.058 12557 -0.674075 -0.334963 764.000000 857.000000
745000 32 778.5 681.5 834 758.125 84.7812 108.221 11711.8 -0.589075 -0.0948398 735.000000 813.000000
746000 32 772.5 659 863 756.438 91.1328 111.397 12409.4 -0.589269 -0.369774 725.000000 817.000000
747000 32 769 694 850 765.688 84.8945 110.043 12109.4 -0.523908 0.028325 744.000000 838.000000
748000 32 767 658 867 766 95.8125 118.212 13974.2 -0.346541 -0.765138 733.000000 838.000000
749000 32 776.5 707.5 850 758.219 84.5039 107.52 11560.5 -0.397491 -0.505054 728.000000 808.000000
750000 32 771 664.5 837.5 751.438 101.258 124.664 15541.2 -0.186588 -0.342995 674.000000 815.000000
751000 32 762.5 697.5 849 757.906 88.918 111.524 12437.6 -0.517249 -0.249713 708.000000 817.000000
752000 32 777.5 719 839.5 761.938 83.6289 111.086 12340 -0.546039 0.239472 737.000000 818.000000
753000 32 780.5 702 831 759.375 71.4688 86.5596 7492.56 -0.548835 -0.791223 725.000000 808.000000
754000 32 772 703 854.5 762.656 79.4492 102.181 10440.9 -0.595147 0.0415348 719.000000 803.000000
755000 32 775 735.5 844.5 762.906 76.5547 106.284 11296.2 -0.868411 0.307574 748.000000 818.000000
756000 32 758.5 707.5 846 759.906 82.7812 106.389 11318.5 -0.636996 0.330059 725.000000 804.000000
757000 32 749.5 680.5 824 743.031 83.0312 101.942 10392.2 -0.495133 -0.379328 705.000000 809.000000
758000 32 796 653 823.5 744.969 91.4102 109.669 12027.3 -0.808434 -0.276618 720.000000 815.000000
759000 32 765.5 682 853.5 744.969 93.6602 121.053 14653.9 -0.632828 0.0317815 718.000000 783.000000
760000 32 779 675 831.5 747.531 88.0898 107.649 11588.3 -0.870431 0.498803 695.000000 813.000000
761000 32 754.5 661.5 832 734.844 89.5078 108.444 11760 -0.756986 -0.477725 704.000000 816.000000
762000 32 775 687.5 854.5 757.469 87.002 107.944 11652 -0.883479 0.368133 717.000000 830.000000
763000 32 753 706.5 853.5 762.844 85.9688 107.476 11551.1 -0.846949 1.10271 715.000000 838.000000
764000 32 778 677.5 832.5 757.031 79.4023 102.991 10607.2 -0.871059 1.07263 734.000000 820.000000
765000 32 740.5 694 830 744.469 72.2148 94.0285 8841.35 -0.329336 -0.232709 708.000000 800.000000
766000 32 775 686.5 860.5 758.844 85.166 105.157 11058.1 -0.585548 -0.25849 722.000000 827.000000
767000 32 769.5 705.5 819 745.719 77.7891 101.716 10346.2 -0.729815 -0.0676917 718.000000 787.000000
768000 32 787.5 700 846 761.594 82.6699 106.642 11372.4 -0.862369 0.0924938 753.000000 816.000000
769000 32 775 734 841 771.438 71.8477 99.0024 9801.48 -0.786 0.989881 756.000000 826.000000
770000 32 785.5 711 843.5 768.062 78.3047 101.465 10295.2 -0.934366 1.11357 732.000000 820.000000
771000 32 784.5 704.5 836 762.219 76.3027 92.8633 8623.6 -0.615564 -0.58581 731.000000 816.000000
772000 32 778 697 865 769.062 90.0586 111.592 12452.8 -0.534279 -0.782008 744.000000 843.000000
773000 32 782 687.5 841.5 759.812 79.8984 97.1256 9433.38 -0.30925 -0.910144 734.000000 810.000000
774000 32 808 700.5 867.5 772.688 92.6016 111.584 12451 -0.440261 -0.848425 734.000000 840.000000
775000 32 778.5 712 839.5 762.656 76.6797 106.378 11316.3 -0.98064 0.884471 761.000000 801.000000
776000 32 792 709 833 757.875 84.2188 107.33 11519.7 -0.788626 -0.298879 737.000000 808.000000
777000 32 795.5 745 829.5 768.594 81.6211 112.571 12672.3 -0.832328 0.148293 773.000000 822.000000
778000 32 788.5 752 847.5 772.688 77.8906 103.998 10815.5 -0.871775 -0.208788 767.000000 840.000000
779000 32 821 756 869.5 789.312 78.4609 102.612 10529.2 -1.16965 0.531588 775.000000 853.000000
780000 32 794.5 710.5 848.5 767.906 78.5605 101.485 10299.2 -0.86017 0.161552 758.000000 817.000000
781000 32 781 739 819.5 751.875 72.8047 101.728 10348.5 -1.2939 0.89574 753.000000 796.000000
782000 32 768.5 696 875 763.344 101.156 130.487 17026.8 -0.522312 -0.513305 724.000000 832.000000
783000 32 807.5 724 859 775.844 79.5605 102.559 10518.3 -0.985754 0.140585 757.000000 836.000000
784000 32 768.5 720.5 859 764.688 89.7695 120.913 14620 -0.463295 -0.346729 734.000000 810.000000
785000 32 803.5 730.5 853.5 774.938 84.1953 109.335 11954.1 -0.908621 0.0833738 749.000000 839.000000
786000 32 782 721.5 854.5 761.594 81.6953 107.35 11524.1 -0.705807 -0.284226 741.000000 807.000000
787000 32 802 725 842.5 770.406 88.6543 117.363 13774 -0.98064 0.392527 766.000000 836.000000
788000 32 823 755 869 789.5 96.625 131.682 17340.1 -1.09356 0.633507 772.000000 861.000000
789000 32 784 707.5 867 772.969 90.1602 116.312 13528.5 -0.661548 -0.206811 745.000000 833.000000
790000 32 815 714 859.5 781.812 84.1484 107.731 11605.9 -0.619572 -0.168949 760.000000 835.000000
791000 32 822 740.5 877.5 794.969 84.8496 114.241 13051 -1.12042 0.809056 789.000000 854.000000
792000 32 793.5 735.5 840.5 778.219 75.1777 101.856 10374.7 -0.720403 0.658156 761.000000 826.000000
793000 32 801.5 747.5 849 785.562 69.8047 93.6055 8762 -0.808413 0.807714 751.000000 825.000000
794000 32 783 732 850.5 770.75 72.3438 92.6029 8575.29 -0.908268 -0.0763592 747.000000 831.000000
795000 32 789.5 736.5 855 776.5 77.9688 102.507 10507.7 -0.697475 0.0315073 752.000000 831.000000
796000 32 758 693 839.5 749.844 83.291 102.539 10514.2 -0.536499 -0.520384 715.000000 811.000000
797000 32 763.5 689.5 830.5 753.656 79.3477 106.064 11249.5 -0.653452 -0.0889166 754.000000 801.000000
798000 32 794.5 677.5 860.5 768.844 93.6855 120.277 14466.5 -0.433063 -0.171312 742.000000 818.000000
799000 32 791.5 687 843 758.812 84.5859 104.035 10823.3 -0.546842 -0.467811 722.000000 804.000000
800000 32 787.5 719.5 849 766.562 83.3594 108.476 11767.1 -0.781392 -0.180658 740.000000 819.000000
801000 32 798.5 710 852.5 771.625 84.7578 107.21 11494 -0.754209 -0.00808268 734.000000 818.000000
802000 32 782.5 739.5 827 763.156 75.8672 110.51 12212.4 -1.37333 2.04909 749.000000 812.000000
803000 32 797 684.5 857 769.094 93.957 115.313 13297.2 -0.555701 -0.384272 703.000000 828.000000
804000 32 779.5 706 818 747.531 85.0566 113.783 12946.6 -1.0011 0.691855 715.000000 809.000000
805000 32 793 682 846 760.375 83.5312 105.989 11233.6 -1.01977 0.661864 742.000000 818.000000
806000 32 775.5 684.5 851 757.562 79.7148 101.007 10202.4 -0.553354 0.025191 717.000000 804.000000
807000 32 796 711.5 867 784.188 78.9766 98.3163 9666.09 -0.76128 0.512143 730.000000 847.000000
808000 32 794.5 759 835 768.906 73.6289 101.047 10210.5 -1.07872 0.403756 777.000000 816.000000
809000 32 776 708 827.5 760.594 79.2207 106.177 11273.6 -0.876559 0.452977 755.000000 814.000000
810000 32 774 715.5 849.5 756.438 83.1953 112.96 12760 -1.06734 1.285 734.000000 811.000000
811000 32 798 735.5 869.5 778.25 84.1406 110.71 12256.6 -0.944994 0.575419 742.000000 846.000000
812000 32 798 765 869 792.75 73.25 105.944 11224.2 -1.16926 1.59086 780.000000 841.000000
813000 32 769.5 717.5 850.5 770.906 77.2188 98.7497 9751.51 -0.217237 -0.17119 726.000000 810.000000
814000 32 773 723 823.5 760.031 71.8359 96.53 9318.03 -0.736517 0.355677 732.000000 805.000000
815000 32 793 699 834.5 761.969 76.4766 96.0784 9231.06 -0.778518 -0.35192 746.000000 815.000000
816000 32 805.5 724.5 856.5 771.281 86.9336 111.162 12356.9 -0.999167 0.395561 739.000000 837.000000
817000 32 769 710 817.5 746 67.625 87.8599 7719.35 -0.793159 0.351533 722.000000 780.000000
818000 32 775 685.5 855.5 763.875 84.4453 102.167 10438 -0.378819 -0.848601 705.000000 827.000000
819000 32 803.5 727.5 856 780.938 79.8164 102.77 10561.7 -0.772649 -0.00896947 763.000000 842.000000
820000 32 814.5 733 878.5 795.719 79.584 98.702 9742.08 -0.67837 -0.797902 786.000000 857.000000
821000 32 802 745 864.5 787.281 85.1836 111.597 12453.9 -0.794893 -0.0531318 772.000000 848.000000
822000 32 784.5 706 869.5 782.5 85.6875 108.229 11713.5 -0.353842 -0.305838 737.000000 837.000000
823000 32 819 716 872 785.656 86.9922 107.614 11580.8 -0.650979 -0.508905 732.000000 851.000000
824000 32 784.5 725.5 862 785.031 77.0312 94.0022 8836.42 -0.492109 -0.658038 749.000000 845.000000
825000 32 791.5 719.5 851 771.312 75.3984 98.3238 9667.58 -0.879876 0.596675 731.000000 822.000000
826000 32 802 726.5 849.5 772.5 77.8125 102.178 10440.3 -0.926846 0.221592 756.000000 828.000000
827000 32 791.5 731.5 856.5 774.906 81.2988 108.596 11793 -0.91371 0.672697 758.000000 820.000000
828000 32 781 731 860 777.312 72.168 95.94 9204.48 -0.671894 0.396927 744.000000 826.000000
829000 32 803.5 692.5 874 780.969 95.0332 115.84 13419 -0.380419 -0.689338 744.000000 850.000000
830000 32 810 741 848 789.344 60.9668 79.7879 6366.1 -0.644009 -0.069932 783.000000 826.000000
831000 32 812.5 727 864 795.156 74.3574 95.5133 9122.78 -0.69575 0.12689 773.000000 839.000000
832000 32 793.5 719 910.5 790.031 90.6562 115.043 13234.9 -0.800478 0.41785 748.000000 851.000000
833000 32 808.5 729.5 875 794.656 82.0957 107.909 11644.4 -0.89347 0.600307 772.000000 849.000000
834000 32 791.5 736 875 786.812 82.5625 106.521 11346.7 -0.29032 -0.321812 740.000000 824.000000
835000 32 783.5 712 866 776.531 80.373 98.4034 9683.22 -0.308006 -0.848013 726.000000 839.000000
836000 32 782.5 718.5 842 773.406 63.6309 76.8802 5910.57 -0.217495 -0.7584 735.000000 813.000000
837000 32 802 745.5 841 792.844 60.1953 80.0766 6412.27 -0.292121 0.0298087 776.000000 834.000000
838000 32 789.5 701.5 857.5 781.406 75.0176 96.3451 9282.38 -0.427468 -0.266535 748.000000 830.000000
839000 32 788.5 701.5 859.5 771.656 73.3867 91.2588 8328.17 -0.571871 -0.679171 755.000000 827.000000
840000 32 789 718 843.5 770.719 73.459 95.8525 9187.69 -0.623654 0.0201276 749.000000 818.000000
841000 32 801.5 700.5 868 781.375 83.8516 103.309 10672.7 -0.239665 -0.90929 741.000000 823.000000
842000 32 771 721.5 846.5 772.469 75.9062 91.8301 8432.77 -0.378354 -0.561923 734.000000 832.000000
843000 32 780.5 758 856.5 777.969 67.6582 94.3684 8905.39 -0.91202 0.355298 773.000000 828.000000
844000 32 808.5 708 846.5 782.281 68.4609 82.9645 6883.11 -0.748487 -0.735986 772.000000 836.000000
845000 32 791 722 864 783.25 77.9062 100.944 10189.7 -0.352382 -0.237449 756.000000 834.000000
846000 32 803 710.5 843 780.781 73.4336 89.7735 8059.27 -0.227488 -0.261937 725.000000 828.000000
847000 32 806 702 872.5 786.812 88.4609 102.278 10460.7 -0.0851307 -0.993833 726.000000 850.000000
848000 32 792.5 722 860 786.625 75.8828 94.3995 8911.27 -0.542203 -0.737363 755.000000 853.000000
849000 32 779.5 698 845.5 765.781 74.4961 90.8312 8250.31 -0.648435 -0.815753 746.000000 828.000000
850000 32 821.5 713.5 860 790.844 83.623 102.841 10576.3 -0.449432 -0.515393 756.000000 838.000000
851000 32 815.5 759 895.5 811.688 75.3945 92.4241 8542.22 -0.584439 -0.22722 772.000000 872.000000
852000 32 771 738.5 873.5 786.688 80.168 101.053 10211.6 -0.145358 -0.696027 758.000000 836.000000
853000 32 774.5 688.5 866.5 762.719 88.0488 106.104 11258.1 -0.327901 -0.796308 701.000000 829.000000
854000 32 764.5 719 874 776.375 93.6484 118.693 14087.9 -0.29926 0.135248 724.000000 858.000000
855000 32 799.5 723 875.5 787.75 82.9062 106.307 11301.2 -0.712669 0.287773 760.000000 841.000000
856000 32 817 734 881.5 793.312 82.2109 103.132 10636.3 -0.780359 0.0874654 758.000000 853.000000
857000 32 805.5 751.5 868 795.875 66.7109 90.2719 8149.02 -0.93013 0.967358 777.000000 827.000000
858000 32 783 733 864.5 779.469 75.752 101.897 10383 -0.353162 0.167398 749.000000 815.000000
859000 32 773.5 729 837.5 774.094 77.8438 105.086 11043 -0.267639 0.591815 744.000000 825.000000
860000 32 792 717 856.5 780.438 84.0703 109.402 11968.8 -0.512355 0.316275 742.000000 832.000000
861000 32 806 721.5 859 781.5 85.6562 111.916 12525.2 -1.20162 1.36832 763.000000 851.000000
862000 32 810.5 736.5 848 784.531 82.8984 112.464 12648.1 -0.950056 0.720567 773.000000 833.000000
863000 32 796.5 706 877.5 780.281 91.4336 120.055 14413.2 -0.969025 0.989086 758.000000 851.000000
864000 32 790.5 732 869 773.688 89.1406 122.859 15094.2 -1.08597 1.06293 757.000000 826.000000
865000 32 807.5 746 872 788.875 84.4531 110.112 12124.6 -1.1736 1.27725 763.000000 861.000000
866000 32 753 702 862.5 764 85.5 113.962 12987.4 -0.662783 1.11607 729.000000 828.000000
867000 32 764 701 828.5 757.656 79.0547 107.994 11662.7 -0.808206 1.17587 730.000000 799.000000
868000 32 797 710 859.5 771.375 92.1562 122.332 14965.2 -0.623417 0.223194 755.000000 811.000000
869000 32 827 751.5 875 799.125 81.5859 111.784 12495.6 -1.1852 1.45042 797.000000 845.000000
870000 32 800.5 741.5 862 783.219 81.4277 111.295 12386.6 -0.709994 0.311082 773.000000 825.000000
871000 32 800 744 869.5 790.906 73.1055 96.5299 9318.02 -0.838586 0.460188 769.000000 852.000000
872000 32 804 720 891 795.719 92.4688 119.167 14200.7 -0.426225 -0.216151 755.000000 841.000000
873000 32 815.5 739 870 792.188 82.7539 115.251 13282.7 -1.24133 1.78081 781.000000 836.000000
874000 32 801 709 866.5 780.219 83.5664 108.532 11779.2 -0.696863 0.544475 737.000000 831.000000
875000 32 821.5 730 877 789.5 95.0312 120.948 14628.5 -0.811519 -0.218439 747.000000 861.000000
876000 32 803 720 875.5 792.75 83.875 109.722 12039 -0.680485 -0.272342 785.000000 856.000000
877000 32 790 709.5 878.5 779.812 89.5742 112.082 12562.4 -0.452759 -0.665654 750.000000 849.000000
878000 32 796.5 734 866 776.625 81.2578 108.043 11673.3 -0.87535 0.349632 762.000000 828.000000
879000 32 821 732 888.5 798.25 90.8906 116.884 13661.8 -0.661636 -0.218141 771.000000 849.000000
880000 32 783.5 743 852 784.281 77.1738 102.611 10528.9 -0.421944 -0.485664 766.000000 832.000000
881000 32 794.5 722 883 784.5 86.0938 111.584 12451 -0.628684 -0.109864 745.000000 839.000000
882000 32 810.5 706.5 877.5 780.812 100.023 124.244 15436.5 -0.50412 -0.541359 731.000000 843.000000
883000 32 815.5 742 869.5 800.906 80.873 108.747 11826 -0.86738 0.535926 797.000000 857.000000
884000 32 797.5 726.5 880 790.281 80.7012 106.76 11397.6 -0.401283 0.13485 760.000000 835.000000
885000 32 819.5 759 873.5 796.594 75.9824 102.341 10473.7 -0.868767 0.241777 778.000000 833.000000
886000 32 822.5 734 869.5 792.5 83.4375 101.716 10346.1 -0.567733 -0.752926 751.000000 862.000000
887000 32 821.5 743.5 884 805.875 79.9141 104.532 10926.9 -0.762906 -0.0570387 798.000000 865.000000
888000 32 810.5 752.5 874 795.938 74.1367 94.5447 8938.71 -0.723556 -0.116459 759.000000 843.000000
889000 32 812 713.5 863.5 786.406 77.043 94.0555 8846.44 -0.569373 -0.581714 753.000000 848.000000
890000 32 799 724.5 849 783.469 73.4434 90.4751 8185.74 -0.34599 -0.780862 743.000000 826.000000
891000 32 804.5 749.5 857 793.625 62.9453 84.2595 7099.66 -0.674348 0.157186 774.000000 823.000000
892000 32 797.5 750.5 876 802.219 72.1074 92.9428 8638.37 -0.423116 -0.107202 766.000000 865.000000
893000 32 830 776.5 901 811.781 81.5234 103.77 10768.2 -0.647027 -0.740017 798.000000 856.000000
894000 32 803 724.5 864.5 793.781 89.8438 113.122 12796.6 -0.437768 -0.479684 756.000000 855.000000
895000 32 793 725.5 843 774.75 73.8438 88.7675 7879.68 -0.486268 -0.892067 738.000000 827.000000
896000 32 829 718 882 792.844 89.916 109.592 12010.3 -0.439301 -0.685643 764.000000 845.000000
897000 32 823.5 769.5 902.5 813.625 82.7109 103.653 10743.9 -0.606481 -0.626442 777.000000 893.000000
898000 32 816 728.5 888 804.219 80.4551 96.3055 9274.76 -0.0996363 -0.911631 753.000000 866.000000
899000 32 793 695 850.5 773.469 88.2227 107.765 11613.4 -0.354492 -0.823484 725.000000 828.000000
900000 32 790.5 712.5 860 776 78.5625 97.9509 9594.39 -0.522342 -0.37115 749.000000 837.000000
901000 32 810 763.5 879 803.375 76.6641 101.107 10222.6 -0.243144 -0.0239129 768.000000 860.000000
902000 32 786.5 732 874.5 790.469 73.4688 92.701 8593.48 -0.182821 -0.908742 773.000000 831.000000
903000 32 821 735 872.5 787.594 89.2949 112.771 12717.4 -0.880034 0.0191788 755.000000 851.000000
904000 32 789.5 752 848.5 791.156 73.5312 99.608 9921.75 -0.48833 0.19711 766.000000 833.000000
905000 32 826.5 746 872 797.188 86.6523 114.912 13204.7 -1.01137 0.507742 783.000000 856.000000
906000 32 803.5 741 858.5 782.469 85.3809 113.704 12928.5 -0.718792 0.224364 758.000000 839.000000
907000 32 831.5 777.5 883 808.219 81.248 109.778 12051.1 -0.919035 0.017292 814.000000 855.000000
908000 32 786.5 714 861 772.781 81.5371 104.838 10991 -0.679599 -0.39713 737.000000 824.000000
909000 32 807 748.5 899 805.375 82.4766 104.696 10961.3 -0.132668 -0.653288 758.000000 841.000000
910000 32 798 736 884 790.719 80.5488 99.5439 9908.98 -0.455341 -0.69785 755.000000 859.000000
911000 32 815 728 868 791.188 76.4023 93.2362 8693 -0.860592 -0.228695 752.000000 855.000000
912000 32 807.5 750 880.5 798.844 76.4062 97.5057 9507.36 -0.636713 -0.254147 761.000000 861.000000
913000 32 837.5 741 877 810.156 79.3477 101.086 10218.5 -0.671087 -0.465603 812.000000 854.000000
914000 32 827 731.5 875 803.344 74.0488 90.9469 8271.33 -0.61335 -0.858998 788.000000 846.000000
915000 32 837 727 918.5 810.406 88.1172 108.172 11701.2 -0.558905 -0.782039 777.000000 857.000000
916000 32 805 728 875 794.594 74.7695 96.1309 9241.15 -0.77776 -0.147947 783.000000 852.000000
917000 32 801 737.5 885.5 795.219 86.2812 109.668 12027 -0.266336 -0.759876 763.000000 842.000000
918000 32 821 750 863.5 788.375 79.8438 101.182 10237.9 -0.797349 -0.521274 775.000000 845.000000
919000 32 826 737.5 881.5 796.156 88.252 116.616 13599.2 -1.04276 0.544297 788.000000 863.000000
920000 32 817 752.5 891.5 810.344 79.4473 101.006 10202.3 -0.128645 -0.697444 775.000000 846.000000
921000 32 834 751 878.5 814.312 70.6094 89.1076 7940.16 -0.747949 0.120154 783.000000 860.000000
922000 32 829 710 880.5 792.75 87.5781 103.249 10660.3 -0.395219 -0.921388 749.000000 856.000000
923000 32 813.5 726.5 870.5 799.938 85.5078 111.846 12509.5 -0.293447 -0.445171 770.000000 851.000000
924000 32 805.5 762.5 884 810.125 68.375 85.5626 7320.95 -0.296239 -0.346817 772.000000 859.000000
925000 32 805.5 751 875 798.406 72.418 95.1582 9055.09 -0.459724 -0.279852 777.000000 831.000000
926000 32 794 730.5 867 793.031 71.0938 84.5884 7155.19 -0.245197 -0.593787 734.000000 853.000000
927000 32 814.5 765.5 860.5 804.156 68.7422 90.3513 8163.36 -0.485791 -0.6017 792.000000 839.000000
928000 32 814.5 705.5 873.5 786.75 83.1875 101.987 10401.4 -0.590771 -0.890093 765.000000 847.000000
929000 32 805 732 880.5 793.188 88.3633 111.626 12460.4 -0.482291 -0.549185 762.000000 856.000000
930000 32 824 735.5 869 797.938 82.0781 100.744 10149.3 -0.510835 -0.94632 781.000000 854.000000
931000 32 835.5 748 889 810.875 75.4609 94.3944 8910.31 -0.563125 -0.468414 785.000000 856.000000
932000 32 813.5 719.5 880 795.531 85.9355 106.165 11270.9 -0.611325 -0.647656 779.000000 864.000000
933000 32 812.5 732 852 791.844 75.1855 94.0234 8840.39 -0.561745 -0.543151 775.000000 844.000000
934000 32 797.5 743.5 858 790.406 65.8184 84.534 7145.99 -0.266649 -0.284372 759.000000 839.000000
935000 32 796 724 877 789.219 83.7676 109.907 12079.5 -0.278751 -0.39463 754.000000 831.000000
936000 32 802 730.5 882.5 797.094 86.5312 106.451 11331.9 -0.105659 -0.770031 756.000000 852.000000
937000 32 807 715 888.5 797.719 87.709 109.539 11998.7 -0.211543 -0.675727 763.000000 858.000000
938000 32 814.5 694 852 783.25 82.9375 99.8043 9960.9 -0.553789 -0.87701 765.000000 839.000000
939000 32 811.5 747.5 859 792.094 70.3945 89.0858 7936.28 -0.379976 -0.510827 757.000000 831.000000
940000 32 817.5 713.5 884 785.75 89.8594 108.994 11879.6 -0.695671 -0.8713 766.000000 862.000000
941000 32 787.5 730 889.5 789.125 90.625 114.097 13018 -0.535106 -0.523344 756.000000 870.000000
942000 32 843.5 761.5 892 809.531 86.4902 109.68 12029.7 -0.878988 -0.310236 792.000000 878.000000
943000 32 821 723 873 782.312 87.7539 113.594 12903.6 -1.15678 1.09733 750.000000 848.000000
944000 32 804 744 851 787.344 75.8418 103.395 10690.4 -1.25016 1.49774 772.000000 844.000000
945000 32 818 753.5 875.5 791.562 78.3945 101.99 10402.1 -0.79006 0.00420246 773.000000 841.000000
946000 32 814.5 725 863.5 791.875 78.9531 94.351 8902.11 -0.534129 -0.544345 745.000000 852.000000
947000 32 823 727 879 808.156 74.584 96.3331 9280.07 -0.0462978 -0.593679 790.000000 840.000000
948000 32 820.5 764 852.5 796.469 61.0723 80.1462 6423.42 -1.01924 0.179704 793.000000 846.000000
949000 32 799 725 889 799.156 83.4688 95.5733 9134.27 -0.0954124 -1.31704 741.000000 867.000000
950000 32 811 687.5 881 792.469 87.0645 100.46 10092.1 0.0314122 -1.34856 721.000000 851.000000
951000 32 812 714.5 842.5 785.375 74.9297 98.3971 9681.98 -0.359597 0.39445 765.000000 834.000000
952000 32 816.5 718 864 794.469 81.5391 102.311 10467.6 -0.299962 -0.689718 763.000000 847.000000
953000 32 783 710.5 879 784.844 87.1562 110.7 12254.5 -0.108344 -0.826032 750.000000 815.000000
954000 32 786 711 852 776.531 79.2188 98.6437 9730.58 -0.172643 -0.568086 735.000000 833.000000
955000 32 815.5 712 859 785.281 88.416 112.469 12649.4 -0.574058 -0.260589 758.000000 841.000000
956000 32 819.5 736.5 866 791.344 71.3203 90.6409 8215.78 -1.04766 0.820809 759.000000 838.000000
957000 32 792 730.5 878 795.312 71.832 88.3802 7811.06 -0.297467 -0.941402 773.000000 848.000000
958000 32 823 749 863 798.25 71.8281 92.7077 8594.71 -0.723292 -0.477302 796.000000 851.000000
959000 32 787 742.5 868.5 787.406 74.0938 96.4756 9307.54 -0.415222 -0.590576 767.000000 836.000000
960000 32 811.5 794.5 864.5 803.344 70.3633 105.79 11191.5 -1.01602 1.36941 801.000000 832.000000
961000 32 790.5 697 894 786.969 89.5957 105.702 11172.9 -0.0230103 -1.26435 720.000000 848.000000
962000 32 795 731 846.5 782.781 75.4473 101.446 10291.3 -0.339074 0.779572 738.000000 832.000000
963000 32 813 751 846.5 786.188 74.7539 99.3172 9863.9 -0.909406 -0.0624197 779.000000 837.000000
964000 32 815 746.5 891.5 798.344 90.0293 115.168 13263.6 -0.744798 -0.423073 777.000000 873.000000
965000 32 811.5 745 869 789.562 73.832 93.4203 8727.35 -0.755577 -0.316136 763.000000 840.000000
966000 32 790.5 740 852.5 786.812 72.875 94.8705 9000.42 -0.237304 -0.17748 756.000000 828.000000
967000 32 820 742.5 886 797.75 73.9375 92.979 8645.1 -0.754017 -0.373843 771.000000 851.000000
968000 32 821 743 871.5 798 71.4375 87.9846 7741.29 -0.686063 -0.486033 776.000000 852.000000
969000 32 819.5 732.5 888.5 804.469 82.9434 105.91 11217 -0.268233 -0.753756 788.000000 845.000000
970000 32 803.5 734 899 790.75 88.4062 109.181 11920.6 -0.611949 -0.615715 744.000000 860.000000
971000 32 816 743 914.5 804.281 94.3438 115.4 13317.2 -0.542757 -0.796066 769.000000 881.000000
972000 32 824.5 758.5 886 806.25 79.7812 102.54 10514.5 -0.468099 -0.447558 774.000000 846.000000
973000 32 823 738 868.5 792.562 78.0547 94.837 8994.06 -0.844121 -0.241546 744.000000 851.000000
974000 32 793 749 852 785.969 66.291 91.571 8385.26 -0.695772 0.0469388 779.000000 821.000000
975000 32 798 736.5 870 782.219 89.8301 112.514 12659.5 -0.501109 -0.773505 753.000000 847.000000
976000 32 810 717.5 847 775.938 87.9531 111.355 12400 -0.524416 -0.393676 735.000000 827.000000
977000 32 817.5 707.5 853.5 783.188 83.6914 104.067 10829.9 -0.596548 -0.439578 747.000000 837.000000
978000 32 789 726 877 796.938 89.9961 111.606 12455.9 -0.0474532 -0.633784 743.000000 861.000000
979000 32 805.5 740.5 872 787.156 86.0547 113.542 12891.7 -0.8326 0.673151 756.000000 863.000000
980000 32 821 755 870 802.812 65.0234 85.9191 7382.09 -0.924278 0.910908 772.000000 840.000000
981000 32 826.5 730.5 882 793.438 87.043 106.551 11353.2 -0.305672 -0.829077 751.000000 847.000000
982000 32 804 712.5 902.5 807.812 92.125 107.578 11573.1 -0.176642 -1.20116 768.000000 872.000000
983000 32 823 681 877.5 786.312 99.9609 114.769 13171.9 -0.323147 -1.17366 726.000000 866.000000
984000 32 827 702 882 792.219 89.0801 104.99 11022.9 -0.433949 -0.921123 750.000000 853.000000
985000 32 811 740.5 883.5 803.25 79.4844 101.151 10231.5 -0.579867 -0.129928 760.000000 856.000000
986000 32 821.5 746 887 803.531 82.8398 102.968 10602.3 -0.570266 -0.560649 771.000000 863.000000
987000 32 820 745.5 890 803.594 77.707 97.0274 9414.31 -0.642375 -0.333186 771.000000 866.000000
988000 32 806 737 915.5 810 90.875 109.689 12031.7 -0.30391 -0.861702 764.000000 868.000000
989000 32 809 744.5 893 804.438 81.7852 101.895 10382.6 -0.410878 -0.782515 761.000000 862.000000
990000 32 808.5 758 906 809.531 74.4062 100.279 10055.9 -0.195153 -0.36592 784.000000 835.000000
991000 32 796.5 738.5 872.5 787.938 77.0156 100.074 10014.7 -0.784721 -0.0596449 757.000000 856.000000
992000 32 822.5 752.5 886 804.781 76.9336 95.3654 9094.56 -0.590709 -0.579972 773.000000 868.000000
993000 32 771 727.5 863 783.312 72.1016 84.8347 7196.93 -0.0207955 -1.15972 742.000000 840.000000
994000 32 787.5 719.5 858.5 791 78.8125 97.3066 9468.58 0.130105 -0.435144 728.000000 830.000000
995000 32 806 739 860 790.938 69.0664 83.1004 6905.67 -0.266751 -0.74431 756.000000 837.000000
996000 32 827 748.5 892 813.156 74.709 86.0657 7407.3 -0.130981 -1.05552 753.000000 882.000000
997000 32 816 751.5 867.5 796.156 64.5645 84.3748 7119.1 -0.829014 0.267702 768.000000 828.000000
998000 32 810.5 748.5 884 795.156 82.6367 110.094 12120.6 -0.967376 0.440833 755.000000 850.000000
999000 32 819 755.5 885 797.031 79.1543 101.93 10389.6 -1.04369 0.626523 775.000000 862.000000
